#
# A fatal error has been detected by the Java Runtime Environment:
#
#  SIGSEGV (0xb) at pc=0x00007f1d23962054, pid=528746, tid=528799
#
# JRE version: OpenJDK Runtime Environment (16.0.1+9) (build 16.0.1+9-24)
# Java VM: OpenJDK 64-Bit Server VM (16.0.1+9-24, mixed mode, sharing, tiered, compressed oops, compressed class ptrs, g1 gc, linux-amd64)
# Problematic frame:
# V  [libjvm.so+0x704054]  G1ParScanThreadState::trim_queue_to_threshold(unsigned int)+0x1514
#
# Core dump will be written. Default location: Core dumps may be processed with "/usr/share/apport/apport %p %s %c %d %P %E" (or dumping to /home/joaodss/OneDrive/IH DIGITAL RESKILLING/HOMEWORK/Homework-3/Ben_The_Warrior-DataLayer-homework-3/core.528746)
#
# If you would like to submit a bug report, please visit:
#   https://bugreport.java.com/bugreport/crash.jsp
#

---------------  S U M M A R Y ------------

Command Line: -ea -Didea.test.cyclic.buffer.size=1048576 -javaagent:/home/joaodss/.local/share/JetBrains/Toolbox/apps/IDEA-C/ch-0/211.7628.21/lib/idea_rt.jar=42607:/home/joaodss/.local/share/JetBrains/Toolbox/apps/IDEA-C/ch-0/211.7628.21/bin -Dfile.encoding=UTF-8 com.intellij.rt.junit.JUnitStarter -ideVersion5 -junit5 com.ironhack.homework3.repository.SalesRepRepositoryTest

Host: AMD Ryzen 7 3700X 8-Core Processor, 16 cores, 15G, Ubuntu 20.04.3 LTS
Time: Fri Sep  3 11:51:27 2021 WEST elapsed time: 3.237594 seconds (0d 0h 0m 3s)

---------------  T H R E A D  ---------------

Current thread (0x00007f1ce400dfa0):  GCTaskThread "GC Thread#10" [stack: 0x00007f1c869f7000,0x00007f1c86af7000] [id=528799]

Stack: [0x00007f1c869f7000,0x00007f1c86af7000],  sp=0x00007f1c86af5a60,  free space=1018k
Native frames: (J=compiled Java code, A=aot compiled Java code, j=interpreted, Vv=VM code, C=native code)
V  [libjvm.so+0x704054]  G1ParScanThreadState::trim_queue_to_threshold(unsigned int)+0x1514
V  [libjvm.so+0x720d4a]  G1ScanHRForRegionClosure::scan_heap_roots(HeapRegion*)+0x53a
V  [libjvm.so+0x717d9d]  G1RemSet::scan_heap_roots(G1ParScanThreadState*, unsigned int, G1GCPhaseTimes::GCParPhases, G1GCPhaseTimes::GCParPhases, bool)+0x1bd
V  [libjvm.so+0x6be97b]  G1EvacuateRegionsTask::scan_roots(G1ParScanThreadState*, unsigned int)+0x4b
V  [libjvm.so+0x6bf233]  G1EvacuateRegionsBaseTask::work(unsigned int)+0x83
V  [libjvm.so+0xe2eb6f]  GangWorker::loop()+0x5f
V  [libjvm.so+0xd816cd]  Thread::call_run()+0xfd
V  [libjvm.so+0xbd86d7]  thread_native_entry(Thread*)+0xe7


siginfo: si_signo: 11 (SIGSEGV), si_code: 1 (SEGV_MAPERR), si_addr: 0x0000000000400000

Register to memory mapping:

RAX=0x00007f1d1c06e7a0 points into unknown readable memory: 0x0000000000000000 | 00 00 00 00 00 00 00 00
RBX=0x00007f1c6c000be0 points into unknown readable memory: 0x00007f1d243780f8 | f8 80 37 24 1d 7f 00 00
RCX=0x00007f1d1c06e7a4 points into unknown readable memory: 00 00 00 00
RDX=0x0 is NULL
RSP=0x00007f1c86af5a60 points into unknown readable memory: 0x00000000000081ed | ed 81 00 00 00 00 00 00
RBP=0x00007f1c86af5af0 points into unknown readable memory: 0x00007f1c86af5c40 | 40 5c af 86 1c 7f 00 00
RSI=0x0000000000000003 is an unknown value
RDI=0x0000000000000002 is an unknown value
R8 =0x00000008000539c8 is pointing into metadata
R9 =0x0000000709b249c0 is an oop: java.lang.reflect.Method 
{0x0000000709b249c0} - klass: 'java/lang/reflect/Method'
R10=0x0 is NULL
R11=0x0 is NULL
R12=0x0000000709b249fd is pointing into object: java.lang.reflect.Method 
{0x0000000709b249c0} - klass: 'java/lang/reflect/Method'
R13=0x0000000000400000 is an unknown value
R14=0x00007f1d24467856: <offset 0x0000000001209856> in /home/joaodss/.jdks/openjdk-16.0.1/lib/server/libjvm.so at 0x00007f1d2325e000
R15=0x00007f1d24422130: <offset 0x00000000011c4130> in /home/joaodss/.jdks/openjdk-16.0.1/lib/server/libjvm.so at 0x00007f1d2325e000


Registers:
RAX=0x00007f1d1c06e7a0, RBX=0x00007f1c6c000be0, RCX=0x00007f1d1c06e7a4, RDX=0x0000000000000000
RSP=0x00007f1c86af5a60, RBP=0x00007f1c86af5af0, RSI=0x0000000000000003, RDI=0x0000000000000002
R8 =0x00000008000539c8, R9 =0x0000000709b249c0, R10=0x0000000000000000, R11=0x0000000000000000
R12=0x0000000709b249fd, R13=0x0000000000400000, R14=0x00007f1d24467856, R15=0x00007f1d24422130
RIP=0x00007f1d23962054, EFLAGS=0x0000000000010246, CSGSFS=0x002b000000000033, ERR=0x0000000000000004
  TRAPNO=0x000000000000000e

Top of Stack: (sp=0x00007f1c86af5a60)
0x00007f1c86af5a60:   00000000000081ed 00000007070a1be8
0x00007f1c86af5a70:   00000007070a1be8 0000000000000000
0x00007f1c86af5a80:   00007f1d1c0f45b0 0000000700000000
0x00007f1c86af5a90:   0000000800053580 000000000000000b 

Instructions: (pc=0x00007f1d23962054)
0x00007f1d23961f54:   48 8b 93 b0 01 00 00 48 89 c6 8b 8a 78 05 00 00
0x00007f1d23961f64:   48 d3 ee 48 8b 8a 68 05 00 00 4c 8d 04 71 41 0f
0x00007f1d23961f74:   b6 78 01 40 84 ff 78 94 42 0f 18 0c 30 ba 10 00
0x00007f1d23961f84:   00 00 0f 18 0c 10 48 8b 83 b8 01 00 00 49 8d 4c
0x00007f1d23961f94:   24 01 4c 8b 78 10 41 8b 87 80 00 00 00 41 8b b7
0x00007f1d23961fa4:   00 01 00 00 89 c2 29 f2 81 e2 ff ff 01 00 81 fa
0x00007f1d23961fb4:   fd ff 01 00 0f 86 97 0b 00 00 49 8b 87 a0 02 00
0x00007f1d23961fc4:   00 49 3b 87 88 02 00 00 0f 84 29 15 00 00 48 8d
0x00007f1d23961fd4:   34 c5 00 00 00 00 48 83 c0 01 49 8b 97 b8 02 00
0x00007f1d23961fe4:   00 48 89 0c 32 49 89 87 a0 02 00 00 e9 3a ff ff
0x00007f1d23961ff4:   ff 0f 1f 00 49 8d bd 80 02 00 00 e8 cc c1 fb ff
0x00007f1d23962004:   b8 01 00 00 00 31 d2 e9 f8 fd ff ff 4c 8d 3d 19
0x00007f1d23962014:   01 ac 00 45 8b 6c 24 ff 48 8b 43 08 41 8b 77 08
0x00007f1d23962024:   49 8b 17 89 f1 49 d3 e5 8b 88 78 05 00 00 48 8b
0x00007f1d23962034:   80 68 05 00 00 49 01 d5 4c 89 ef 48 d3 ef 48 8d
0x00007f1d23962044:   0c 78 44 0f b6 59 01 45 84 db 0f 88 6c f5 ff ff
0x00007f1d23962054:   49 8b 45 00 48 89 c7 83 e7 03 48 83 ff 03 0f 85
0x00007f1d23962064:   97 06 00 00 48 8d 0d d1 56 b0 00 80 39 00 0f 85
0x00007f1d23962074:   88 0b 00 00 48 83 e0 fc 4c 8d 2d fd 6a b0 00 48
0x00007f1d23962084:   89 45 b8 48 8b 7d b8 89 f1 49 83 ec 01 48 89 f8
0x00007f1d23962094:   48 29 d0 48 d3 e8 41 89 04 24 48 89 f8 41 8b 4d
0x00007f1d239620a4:   00 4c 31 e0 48 d3 e8 48 85 c0 0f 84 0c f5 ff ff
0x00007f1d239620b4:   48 8b 53 08 4c 89 e0 8b 8a c0 01 00 00 48 d3 e8
0x00007f1d239620c4:   48 89 c1 48 8b 82 b0 01 00 00 48 8b 04 c8 8b 80
0x00007f1d239620d4:   f4 00 00 00 a8 02 0f 85 e0 f4 ff ff 8b 8a 78 05
0x00007f1d239620e4:   00 00 48 89 f8 48 8b 92 68 05 00 00 48 d3 e8 80
0x00007f1d239620f4:   3c 42 00 0f 84 c3 f4 ff ff 49 c1 ec 09 48 8b 83
0x00007f1d23962104:   80 00 00 00 4c 89 e6 e9 84 f4 ff ff 49 8d bf 80
0x00007f1d23962114:   02 00 00 48 89 4d b8 e8 b0 c0 fb ff 48 8b 4d b8
0x00007f1d23962124:   b8 01 00 00 00 31 d2 e9 7b ef ff ff 0f 84 b3 03
0x00007f1d23962134:   00 00 3c 01 48 8d 05 8d 09 ac 00 48 19 c9 8b 30
0x00007f1d23962144:   44 89 f8 83 e1 04 c1 f8 10 8d 7e ff 0f b6 c0 48 


Stack slot to memory mapping:
stack at sp + 0 slots: 0x00000000000081ed is an unknown value
stack at sp + 1 slots: 0x00000007070a1be8 is pointing into object: java.lang.Class 
{0x00000007070a1b68} - klass: 'java/lang/Class'
stack at sp + 2 slots: 0x00000007070a1be8 is pointing into object: java.lang.Class 
{0x00000007070a1b68} - klass: 'java/lang/Class'
stack at sp + 3 slots: 0x0 is NULL
stack at sp + 4 slots: 0x00007f1d1c0f45b0 points into unknown readable memory: 0x000000070b600000 | 00 00 60 0b 07 00 00 00
stack at sp + 5 slots: 0x0000000700000000 is an unknown value
stack at sp + 6 slots: 0x0000000800053580 is a pointer to class: 
java.lang.reflect.Method {0x0000000800053580}
stack at sp + 7 slots: 0x000000000000000b is an unknown value


---------------  P R O C E S S  ---------------

Threads class SMR info:
_java_thread_list=0x00007f1c3c0028f0, length=24, elements={
0x00007f1d1c0268b0, 0x00007f1d1c1900f0, 0x00007f1d1c191670, 0x00007f1d1c197010,
0x00007f1d1c198560, 0x00007f1d1c199a80, 0x00007f1d1c19b5e0, 0x00007f1d1c1a4c30,
0x00007f1d1c1a61d0, 0x00007f1d1c1b2db0, 0x00007f1cc006d970, 0x00007f1d1c22bdd0,
0x00007f1d1c22d8d0, 0x00007f1cc01c5d70, 0x00007f1cc01c6f50, 0x00007f1cd0001540,
0x00007f1d1cd43730, 0x00007f1c8c144090, 0x00007f1c8c145130, 0x00007f1c8c145d10,
0x00007f1c8031a740, 0x00007f1c8031bd30, 0x00007f1c8820bc60, 0x00007f1c8820cf60
}

Java Threads: ( => current thread )
  0x00007f1d1c0268b0 JavaThread "main" [_thread_blocked, id=528747, stack(0x00007f1d2300e000,0x00007f1d2310f000)]
  0x00007f1d1c1900f0 JavaThread "Reference Handler" daemon [_thread_blocked, id=528756, stack(0x00007f1cfcdf9000,0x00007f1cfcefa000)]
  0x00007f1d1c191670 JavaThread "Finalizer" daemon [_thread_blocked, id=528757, stack(0x00007f1cfccf8000,0x00007f1cfcdf9000)]
  0x00007f1d1c197010 JavaThread "Signal Dispatcher" daemon [_thread_blocked, id=528758, stack(0x00007f1cfc2ff000,0x00007f1cfc400000)]
  0x00007f1d1c198560 JavaThread "Service Thread" daemon [_thread_blocked, id=528759, stack(0x00007f1cfc1fe000,0x00007f1cfc2ff000)]
  0x00007f1d1c199a80 JavaThread "Monitor Deflation Thread" daemon [_thread_blocked, id=528760, stack(0x00007f1cfc0fd000,0x00007f1cfc1fe000)]
  0x00007f1d1c19b5e0 JavaThread "C2 CompilerThread0" daemon [_thread_blocked, id=528761, stack(0x00007f1ced121000,0x00007f1ced222000)]
  0x00007f1d1c1a4c30 JavaThread "C1 CompilerThread0" daemon [_thread_blocked, id=528762, stack(0x00007f1ced020000,0x00007f1ced121000)]
  0x00007f1d1c1a61d0 JavaThread "Sweeper thread" daemon [_thread_blocked, id=528763, stack(0x00007f1cecf1f000,0x00007f1ced020000)]
  0x00007f1d1c1b2db0 JavaThread "Common-Cleaner" daemon [_thread_blocked, id=528766, stack(0x00007f1cece1e000,0x00007f1cecf1f000)]
  0x00007f1cc006d970 JavaThread "C1 CompilerThread1" daemon [_thread_blocked, id=528767, stack(0x00007f1cecd1d000,0x00007f1cece1e000)]
  0x00007f1d1c22bdd0 JavaThread "Monitor Ctrl-Break" daemon [_thread_in_native, id=528768, stack(0x00007f1cecc1c000,0x00007f1cecd1d000)]
  0x00007f1d1c22d8d0 JavaThread "Notification Thread" daemon [_thread_blocked, id=528769, stack(0x00007f1cecb1b000,0x00007f1cecc1c000)]
  0x00007f1cc01c5d70 JavaThread "C1 CompilerThread2" daemon [_thread_blocked, id=528782, stack(0x00007f1cec20c000,0x00007f1cec30d000)]
  0x00007f1cc01c6f50 JavaThread "C1 CompilerThread3" daemon [_thread_blocked, id=528785, stack(0x00007f1cec10b000,0x00007f1cec20c000)]
  0x00007f1cd0001540 JavaThread "Attach Listener" daemon [_thread_blocked, id=528794, stack(0x00007f1c86eff000,0x00007f1c87000000)]
  0x00007f1d1cd43730 JavaThread "mysql-cj-abandoned-connection-cleanup" daemon [_thread_blocked, id=528802, stack(0x00007f1c866f0000,0x00007f1c867f1000)]
  0x00007f1c8c144090 JavaThread "C2 CompilerThread1" daemon [_thread_in_native, id=528809, stack(0x00007f1cec918000,0x00007f1ceca19000)]
  0x00007f1c8c145130 JavaThread "C2 CompilerThread2" daemon [_thread_in_native, id=528810, stack(0x00007f1cec817000,0x00007f1cec918000)]
  0x00007f1c8c145d10 JavaThread "C2 CompilerThread3" daemon [_thread_blocked, id=528811, stack(0x00007f1cec00a000,0x00007f1cec10b000)]
  0x00007f1c8031a740 JavaThread "C2 CompilerThread4" daemon [_thread_blocked, id=528812, stack(0x00007f1c865ef000,0x00007f1c866f0000)]
  0x00007f1c8031bd30 JavaThread "C2 CompilerThread5" daemon [_thread_blocked, id=528813, stack(0x00007f1c860e8000,0x00007f1c861e9000)]
  0x00007f1c8820bc60 JavaThread "C2 CompilerThread6" daemon [_thread_blocked, id=528814, stack(0x00007f1c846ff000,0x00007f1c84800000)]
  0x00007f1c8820cf60 JavaThread "C2 CompilerThread7" daemon [_thread_in_native, id=528815, stack(0x00007f1c845fe000,0x00007f1c846ff000)]

Other Threads:
  0x00007f1d1c18da00 VMThread "VM Thread" [stack: 0x00007f1cfcefc000,0x00007f1cfcffc000] [id=528755]
  0x00007f1d1c22f790 WatcherThread [stack: 0x00007f1ceca1b000,0x00007f1cecb1b000] [id=528770]
  0x00007f1d1c077190 GCTaskThread "GC Thread#0" [stack: 0x00007f1d2077d000,0x00007f1d2087d000] [id=528750]
  0x00007f1ce4005ad0 GCTaskThread "GC Thread#1" [stack: 0x00007f1cec717000,0x00007f1cec817000] [id=528777]
  0x00007f1ce4006650 GCTaskThread "GC Thread#2" [stack: 0x00007f1cec615000,0x00007f1cec715000] [id=528778]
  0x00007f1ce40071d0 GCTaskThread "GC Thread#3" [stack: 0x00007f1cec513000,0x00007f1cec613000] [id=528779]
  0x00007f1ce4007d50 GCTaskThread "GC Thread#4" [stack: 0x00007f1cec411000,0x00007f1cec511000] [id=528780]
  0x00007f1ce40088d0 GCTaskThread "GC Thread#5" [stack: 0x00007f1cec30f000,0x00007f1cec40f000] [id=528781]
  0x00007f1ce400bc10 GCTaskThread "GC Thread#6" [stack: 0x00007f1c86dff000,0x00007f1c86eff000] [id=528795]
  0x00007f1ce400c370 GCTaskThread "GC Thread#7" [stack: 0x00007f1c86cfd000,0x00007f1c86dfd000] [id=528796]
  0x00007f1ce400cbc0 GCTaskThread "GC Thread#8" [stack: 0x00007f1c86bfb000,0x00007f1c86cfb000] [id=528797]
  0x00007f1ce400d550 GCTaskThread "GC Thread#9" [stack: 0x00007f1c86af9000,0x00007f1c86bf9000] [id=528798]
=>0x00007f1ce400dfa0 GCTaskThread "GC Thread#10" [stack: 0x00007f1c869f7000,0x00007f1c86af7000] [id=528799]
  0x00007f1ce4010190 GCTaskThread "GC Thread#11" [stack: 0x00007f1c864ef000,0x00007f1c865ef000] [id=528804]
  0x00007f1ce4010860 GCTaskThread "GC Thread#12" [stack: 0x00007f1c863ed000,0x00007f1c864ed000] [id=528805]
  0x00007f1d1c088320 ConcurrentGCThread "G1 Main Marker" [stack: 0x00007f1d2067b000,0x00007f1d2077b000] [id=528751]
  0x00007f1d1c0893b0 ConcurrentGCThread "G1 Conc#0" [stack: 0x00007f1d20579000,0x00007f1d20679000] [id=528752]
  0x00007f1cf0000d20 ConcurrentGCThread "G1 Conc#1" [stack: 0x00007f1c868f5000,0x00007f1c869f5000] [id=528800]
  0x00007f1cf0001890 ConcurrentGCThread "G1 Conc#2" [stack: 0x00007f1c867f3000,0x00007f1c868f3000] [id=528801]
  0x00007f1d1c1547e0 ConcurrentGCThread "G1 Refine#0" [stack: 0x00007f1cfd1dc000,0x00007f1cfd2dc000] [id=528753]
  0x00007f1d1c155800 ConcurrentGCThread "G1 Service" [stack: 0x00007f1cfd0da000,0x00007f1cfd1da000] [id=528754]

Threads with active compile tasks:
C2 CompilerThread0     3240 6253       4       org.springframework.boot.context.properties.source.SystemEnvironmentPropertyMapper$$Lambda$423/0x0000000800d58d60::test (16 bytes)
C2 CompilerThread1     3240 6255       4       org.springframework.boot.context.properties.source.PropertyMapper$$Lambda$364/0x0000000800d0ed18::test (12 bytes)
C2 CompilerThread2     3240 6024       4       org.springframework.core.annotation.AnnotationsScanner::processMethod (116 bytes)
C2 CompilerThread3     3240 6251       4       java.util.function.BiPredicate$$Lambda$424/0x0000000800cf0e68::test (16 bytes)
C2 CompilerThread4     3240 6286   !   4       org.springframework.core.annotation.AnnotationsScanner::processMethodHierarchy (276 bytes)
C2 CompilerThread5     3240 6145       4       org.springframework.data.repository.core.support.RepositoryComposition$RepositoryFragments::findMethod (83 bytes)
C2 CompilerThread6     3240 6252       4       java.util.function.BiPredicate::lambda$or$2 (28 bytes)
C2 CompilerThread7     3240 5883       4       org.springframework.core.annotation.TypeMappedAnnotations::scan (62 bytes)

VM state: at safepoint (normal execution)

VM Mutex/Monitor currently owned by a thread:  ([mutex/lock_event])
[0x00007f1d1c0232f0] Threads_lock - owner thread: 0x00007f1d1c18da00
[0x00007f1d1c023a80] Heap_lock - owner thread: 0x00007f1d1c0268b0

Heap address: 0x0000000706000000, size: 4000 MB, Compressed Oops mode: Zero based, Oop shift amount: 3

CDS archive(s) mapped at: [0x0000000800000000-0x0000000800bc1000-0x0000000800bc1000), size 12324864, SharedBaseAddress: 0x0000000800000000, ArchiveRelocationMode: 0.
Compressed class space mapped at: 0x0000000800c00000-0x0000000840c00000, reserved size: 1073741824
Narrow klass base: 0x0000000800000000, Narrow klass shift: 3, Narrow klass range: 0x100000000

GC Precious Log:
 CPUs: 16 total, 16 available
 Memory: 15995M
 Large Page Support: Disabled
 NUMA Support: Disabled
 Compressed Oops: Enabled (Zero based)
 Heap Region Size: 2M
 Heap Min Capacity: 8M
 Heap Initial Capacity: 250M
 Heap Max Capacity: 4000M
 Pre-touch: Disabled
 Parallel Workers: 13
 Concurrent Workers: 3
 Concurrent Refinement Workers: 13
 Periodic GC: Disabled

Heap:
 garbage-first heap   total 159744K, used 114116K [0x0000000706000000, 0x0000000800000000)
  region size 2048K, 49 young (100352K), 4 survivors (8192K)
 Metaspace       used 52701K, committed 53056K, reserved 1097728K
  class space    used 7165K, committed 7360K, reserved 1048576K

Heap Regions: E=young(eden), S=young(survivor), O=old, HS=humongous(starts), HC=humongous(continues), CS=collection set, F=free, OA=open archive, CA=closed archive, TAMS=top-at-mark-start (previous, next)
|   0|0x0000000706000000, 0x0000000706200000, 0x0000000706200000|100%| O|  |TAMS 0x0000000706200000, 0x0000000706000000| Untracked 
|   1|0x0000000706200000, 0x0000000706400000, 0x0000000706400000|100%| O|  |TAMS 0x0000000706400000, 0x0000000706200000| Untracked 
|   2|0x0000000706400000, 0x00000007065ada00, 0x0000000706600000| 83%| O|  |TAMS 0x00000007065ada00, 0x0000000706400000| Untracked 
|   3|0x0000000706600000, 0x0000000706800000, 0x0000000706800000|100%| O|  |TAMS 0x0000000706800000, 0x0000000706600000| Untracked 
|   4|0x0000000706800000, 0x0000000706a00000, 0x0000000706a00000|100%| O|  |TAMS 0x0000000706a00000, 0x0000000706800000| Untracked 
|   5|0x0000000706a00000, 0x0000000706c00000, 0x0000000706c00000|100%| O|  |TAMS 0x0000000706c00000, 0x0000000706a00000| Untracked 
|   6|0x0000000706c00000, 0x0000000706df1e00, 0x0000000706e00000| 97%| O|  |TAMS 0x0000000706c00000, 0x0000000706c00000| Untracked 
|   7|0x0000000706e00000, 0x0000000706e00000, 0x0000000707000000|  0%| F|  |TAMS 0x0000000706e00000, 0x0000000706e00000| Untracked 
|   8|0x0000000707000000, 0x0000000707200000, 0x0000000707200000|100%| O|  |TAMS 0x0000000707200000, 0x0000000707000000| Untracked 
|   9|0x0000000707200000, 0x0000000707400000, 0x0000000707400000|100%| O|  |TAMS 0x000000070728c400, 0x0000000707200000| Untracked 
|  10|0x0000000707400000, 0x0000000707400000, 0x0000000707600000|  0%| F|  |TAMS 0x0000000707400000, 0x0000000707400000| Untracked 
|  11|0x0000000707600000, 0x0000000707600000, 0x0000000707800000|  0%| F|  |TAMS 0x0000000707600000, 0x0000000707600000| Untracked 
|  12|0x0000000707800000, 0x0000000707800000, 0x0000000707a00000|  0%| F|  |TAMS 0x0000000707800000, 0x0000000707800000| Untracked 
|  13|0x0000000707a00000, 0x0000000707a00000, 0x0000000707c00000|  0%| F|  |TAMS 0x0000000707a00000, 0x0000000707a00000| Untracked 
|  14|0x0000000707c00000, 0x0000000707c00000, 0x0000000707e00000|  0%| F|  |TAMS 0x0000000707c00000, 0x0000000707c00000| Untracked 
|  15|0x0000000707e00000, 0x0000000707e00000, 0x0000000708000000|  0%| F|  |TAMS 0x0000000707e00000, 0x0000000707e00000| Untracked 
|  16|0x0000000708000000, 0x00000007081dc9c8, 0x0000000708200000| 93%| E|CS|TAMS 0x0000000708000000, 0x0000000708000000| Complete 
|  17|0x0000000708200000, 0x0000000708200000, 0x0000000708400000|  0%| F|  |TAMS 0x0000000708200000, 0x0000000708200000| Untracked 
|  18|0x0000000708400000, 0x0000000708400000, 0x0000000708600000|  0%| F|  |TAMS 0x0000000708400000, 0x0000000708400000| Untracked 
|  19|0x0000000708600000, 0x0000000708600000, 0x0000000708800000|  0%| F|  |TAMS 0x0000000708600000, 0x0000000708600000| Untracked 
|  20|0x0000000708800000, 0x0000000708800000, 0x0000000708a00000|  0%| F|  |TAMS 0x0000000708800000, 0x0000000708800000| Untracked 
|  21|0x0000000708a00000, 0x0000000708a00000, 0x0000000708c00000|  0%| F|  |TAMS 0x0000000708a00000, 0x0000000708a00000| Untracked 
|  22|0x0000000708c00000, 0x0000000708c00000, 0x0000000708e00000|  0%| F|  |TAMS 0x0000000708c00000, 0x0000000708c00000| Untracked 
|  23|0x0000000708e00000, 0x0000000708e00000, 0x0000000709000000|  0%| F|  |TAMS 0x0000000708e00000, 0x0000000708e00000| Untracked 
|  24|0x0000000709000000, 0x0000000709000000, 0x0000000709200000|  0%| F|  |TAMS 0x0000000709000000, 0x0000000709000000| Untracked 
|  25|0x0000000709200000, 0x0000000709200000, 0x0000000709400000|  0%| F|  |TAMS 0x0000000709200000, 0x0000000709200000| Untracked 
|  26|0x0000000709400000, 0x0000000709400000, 0x0000000709600000|  0%| F|  |TAMS 0x0000000709400000, 0x0000000709400000| Untracked 
|  27|0x0000000709600000, 0x00000007096d3510, 0x0000000709800000| 41%| S|  |TAMS 0x0000000709600000, 0x0000000709600000| Complete 
|  28|0x0000000709800000, 0x0000000709a00000, 0x0000000709a00000|100%| S|  |TAMS 0x0000000709800000, 0x0000000709800000| Complete 
|  29|0x0000000709a00000, 0x0000000709c00000, 0x0000000709c00000|100%| S|  |TAMS 0x0000000709a00000, 0x0000000709a00000| Complete 
|  30|0x0000000709c00000, 0x0000000709e00000, 0x0000000709e00000|100%| S|  |TAMS 0x0000000709c00000, 0x0000000709c00000| Complete 
|  31|0x0000000709e00000, 0x000000070a000000, 0x000000070a000000|100%| E|CS|TAMS 0x0000000709e00000, 0x0000000709e00000| Complete 
|  32|0x000000070a000000, 0x000000070a200000, 0x000000070a200000|100%| E|CS|TAMS 0x000000070a000000, 0x000000070a000000| Complete 
|  33|0x000000070a200000, 0x000000070a400000, 0x000000070a400000|100%| E|CS|TAMS 0x000000070a200000, 0x000000070a200000| Complete 
|  34|0x000000070a400000, 0x000000070a600000, 0x000000070a600000|100%| E|CS|TAMS 0x000000070a400000, 0x000000070a400000| Complete 
|  35|0x000000070a600000, 0x000000070a800000, 0x000000070a800000|100%| E|CS|TAMS 0x000000070a600000, 0x000000070a600000| Complete 
|  36|0x000000070a800000, 0x000000070aa00000, 0x000000070aa00000|100%| E|CS|TAMS 0x000000070a800000, 0x000000070a800000| Complete 
|  37|0x000000070aa00000, 0x000000070ac00000, 0x000000070ac00000|100%| E|CS|TAMS 0x000000070aa00000, 0x000000070aa00000| Complete 
|  38|0x000000070ac00000, 0x000000070ae00000, 0x000000070ae00000|100%| E|CS|TAMS 0x000000070ac00000, 0x000000070ac00000| Complete 
|  39|0x000000070ae00000, 0x000000070b000000, 0x000000070b000000|100%| E|CS|TAMS 0x000000070ae00000, 0x000000070ae00000| Complete 
|  40|0x000000070b000000, 0x000000070b200000, 0x000000070b200000|100%| E|CS|TAMS 0x000000070b000000, 0x000000070b000000| Complete 
|  41|0x000000070b200000, 0x000000070b400000, 0x000000070b400000|100%| E|CS|TAMS 0x000000070b200000, 0x000000070b200000| Complete 
|  42|0x000000070b400000, 0x000000070b600000, 0x000000070b600000|100%| E|CS|TAMS 0x000000070b400000, 0x000000070b400000| Complete 
|  43|0x000000070b600000, 0x000000070b800000, 0x000000070b800000|100%| E|CS|TAMS 0x000000070b600000, 0x000000070b600000| Complete 
|  44|0x000000070b800000, 0x000000070ba00000, 0x000000070ba00000|100%| E|CS|TAMS 0x000000070b800000, 0x000000070b800000| Complete 
|  45|0x000000070ba00000, 0x000000070bc00000, 0x000000070bc00000|100%| E|CS|TAMS 0x000000070ba00000, 0x000000070ba00000| Complete 
|  46|0x000000070bc00000, 0x000000070be00000, 0x000000070be00000|100%| E|CS|TAMS 0x000000070bc00000, 0x000000070bc00000| Complete 
|  47|0x000000070be00000, 0x000000070c000000, 0x000000070c000000|100%| E|CS|TAMS 0x000000070be00000, 0x000000070be00000| Complete 
|  48|0x000000070c000000, 0x000000070c200000, 0x000000070c200000|100%| E|CS|TAMS 0x000000070c000000, 0x000000070c000000| Complete 
|  49|0x000000070c200000, 0x000000070c400000, 0x000000070c400000|100%| E|CS|TAMS 0x000000070c200000, 0x000000070c200000| Complete 
|  50|0x000000070c400000, 0x000000070c600000, 0x000000070c600000|100%| E|CS|TAMS 0x000000070c400000, 0x000000070c400000| Complete 
|  51|0x000000070c600000, 0x000000070c800000, 0x000000070c800000|100%| E|CS|TAMS 0x000000070c600000, 0x000000070c600000| Complete 
|  52|0x000000070c800000, 0x000000070ca00000, 0x000000070ca00000|100%| E|CS|TAMS 0x000000070c800000, 0x000000070c800000| Complete 
|  53|0x000000070ca00000, 0x000000070cc00000, 0x000000070cc00000|100%| E|CS|TAMS 0x000000070ca00000, 0x000000070ca00000| Complete 
|  54|0x000000070cc00000, 0x000000070ce00000, 0x000000070ce00000|100%| E|CS|TAMS 0x000000070cc00000, 0x000000070cc00000| Complete 
|  55|0x000000070ce00000, 0x000000070d000000, 0x000000070d000000|100%| E|CS|TAMS 0x000000070ce00000, 0x000000070ce00000| Complete 
|  56|0x000000070d000000, 0x000000070d200000, 0x000000070d200000|100%| E|CS|TAMS 0x000000070d000000, 0x000000070d000000| Complete 
|  57|0x000000070d200000, 0x000000070d400000, 0x000000070d400000|100%| E|CS|TAMS 0x000000070d200000, 0x000000070d200000| Complete 
|  58|0x000000070d400000, 0x000000070d600000, 0x000000070d600000|100%| E|CS|TAMS 0x000000070d400000, 0x000000070d400000| Complete 
|  59|0x000000070d600000, 0x000000070d800000, 0x000000070d800000|100%| E|CS|TAMS 0x000000070d600000, 0x000000070d600000| Complete 
|  60|0x000000070d800000, 0x000000070da00000, 0x000000070da00000|100%| E|CS|TAMS 0x000000070d800000, 0x000000070d800000| Complete 
|  61|0x000000070da00000, 0x000000070dc00000, 0x000000070dc00000|100%| E|CS|TAMS 0x000000070da00000, 0x000000070da00000| Complete 
|  62|0x000000070dc00000, 0x000000070de00000, 0x000000070de00000|100%| E|CS|TAMS 0x000000070dc00000, 0x000000070dc00000| Complete 
|  63|0x000000070de00000, 0x000000070e000000, 0x000000070e000000|100%| E|CS|TAMS 0x000000070de00000, 0x000000070de00000| Complete 
|  64|0x000000070e000000, 0x000000070e200000, 0x000000070e200000|100%| E|CS|TAMS 0x000000070e000000, 0x000000070e000000| Complete 
|  65|0x000000070e200000, 0x000000070e400000, 0x000000070e400000|100%| E|CS|TAMS 0x000000070e200000, 0x000000070e200000| Complete 
|  66|0x000000070e400000, 0x000000070e600000, 0x000000070e600000|100%| E|CS|TAMS 0x000000070e400000, 0x000000070e400000| Complete 
|  67|0x000000070e600000, 0x000000070e800000, 0x000000070e800000|100%| E|CS|TAMS 0x000000070e600000, 0x000000070e600000| Complete 
|  68|0x000000070e800000, 0x000000070ea00000, 0x000000070ea00000|100%| E|CS|TAMS 0x000000070e800000, 0x000000070e800000| Complete 
|  69|0x000000070ea00000, 0x000000070ec00000, 0x000000070ec00000|100%| E|CS|TAMS 0x000000070ea00000, 0x000000070ea00000| Complete 
|  70|0x000000070ec00000, 0x000000070ee00000, 0x000000070ee00000|100%| E|CS|TAMS 0x000000070ec00000, 0x000000070ec00000| Complete 
|  71|0x000000070ee00000, 0x000000070f000000, 0x000000070f000000|100%| E|CS|TAMS 0x000000070ee00000, 0x000000070ee00000| Complete 
|  72|0x000000070f000000, 0x000000070f200000, 0x000000070f200000|100%| E|CS|TAMS 0x000000070f000000, 0x000000070f000000| Complete 
|  73|0x000000070f200000, 0x000000070f400000, 0x000000070f400000|100%| E|CS|TAMS 0x000000070f200000, 0x000000070f200000| Complete 
|  74|0x000000070f400000, 0x000000070f600000, 0x000000070f600000|100%| E|CS|TAMS 0x000000070f400000, 0x000000070f400000| Complete 
| 124|0x0000000715800000, 0x0000000715a00000, 0x0000000715a00000|100%| E|CS|TAMS 0x0000000715800000, 0x0000000715800000| Complete 
|1998|0x00000007ffc00000, 0x00000007ffd75000, 0x00000007ffe00000| 72%|OA|  |TAMS 0x00000007ffd75000, 0x00000007ffc00000| Untracked 
|1999|0x00000007ffe00000, 0x00000007ffe80000, 0x0000000800000000| 25%|CA|  |TAMS 0x00000007ffe80000, 0x00000007ffe00000| Untracked 

Card table byte_map: [0x00007f1d2110d000,0x00007f1d218dd000] _byte_map_base: 0x00007f1d1d8dd000

Marking Bits (Prev, Next): (CMBitMap*) 0x00007f1d1c077d40, (CMBitMap*) 0x00007f1d1c077d80
 Prev Bits: [0x00007f1d01964000, 0x00007f1d057e4000)
 Next Bits: [0x00007f1cfdae4000, 0x00007f1d01964000)

Polling page: 0x00007f1d24712000

Metaspace:

Usage:
  Non-class:     44,47 MB used.
      Class:      7,00 MB used.
       Both:     51,47 MB used.

Virtual space:
  Non-class space:       48,00 MB reserved,      44,62 MB ( 93%) committed,  6 nodes.
      Class space:        1,00 GB reserved,       7,19 MB ( <1%) committed,  1 nodes.
              Both:        1,05 GB reserved,      51,81 MB (  5%) committed. 

Chunk freelists:
   Non-Class:  3,19 MB
       Class:  867,00 KB
        Both:  4,04 MB

MaxMetaspaceSize: 17179869184,00 GB
CompressedClassSpaceSize: 1,00 GB
 - commit_granule_bytes: 65536.
 - commit_granule_words: 8192.
 - virtual_space_node_default_size: 1048576.
 - enlarge_chunks_in_place: 1.
 - new_chunks_are_fully_committed: 0.
 - uncommit_free_chunks: 1.
 - use_allocation_guard: 0.
 - handle_deallocations: 1.


Internal statistics:

num_allocs_failed_limit: 6.
num_arena_births: 410.
num_arena_deaths: 0.
num_vsnodes_births: 7.
num_vsnodes_deaths: 0.
num_space_committed: 829.
num_space_uncommitted: 0.
num_chunks_returned_to_freelist: 6.
num_chunks_taken_from_freelist: 2240.
num_chunk_merges: 6.
num_chunk_splits: 1564.
num_chunks_enlarged: 1204.
num_purges: 0.

CodeHeap 'non-profiled nmethods': size=119168Kb used=3337Kb max_used=3337Kb free=115831Kb
 bounds [0x00007f1d0d384000, 0x00007f1d0d714000, 0x00007f1d147e4000]
CodeHeap 'profiled nmethods': size=119164Kb used=11057Kb max_used=12480Kb free=108106Kb
 bounds [0x00007f1d05f25000, 0x00007f1d06b65000, 0x00007f1d0d384000]
CodeHeap 'non-nmethods': size=7428Kb used=3015Kb max_used=3083Kb free=4412Kb
 bounds [0x00007f1d057e4000, 0x00007f1d05af4000, 0x00007f1d05f25000]
 total_blobs=6134 nmethods=5484 adapters=560
 compilation: enabled
              stopped_count=0, restarted_count=0
 full_count=0

Compilation events (20 events):
Event: 3,205 Thread 0x00007f1cc01c5d70 nmethod 6355 0x00007f1d06324510 code [0x00007f1d06324700, 0x00007f1d06324b70]
Event: 3,205 Thread 0x00007f1cc006d970 6358       3       java.util.regex.Pattern$Node::match (27 bytes)
Event: 3,205 Thread 0x00007f1cc006d970 nmethod 6358 0x00007f1d0646a510 code [0x00007f1d0646a6c0, 0x00007f1d0646a830]
Event: 3,205 Thread 0x00007f1cc01c6f50 nmethod 6357 0x00007f1d062ae590 code [0x00007f1d062ae840, 0x00007f1d062af6f0]
Event: 3,205 Thread 0x00007f1cc006d970 6359       3       java.util.regex.Matcher::<init> (95 bytes)
Event: 3,205 Thread 0x00007f1d1c1a4c30 6360       3       java.util.Formatter$FixedString::<init> (26 bytes)
Event: 3,205 Thread 0x00007f1cc01c6f50 6361       3       java.util.Formatter$FormatSpecifier::checkBadFlags (49 bytes)
Event: 3,205 Thread 0x00007f1cc01c5d70 6362       3       java.util.regex.Matcher::search (154 bytes)
Event: 3,205 Thread 0x00007f1d1c1a4c30 nmethod 6360 0x00007f1d06449610 code [0x00007f1d064497c0, 0x00007f1d064499f0]
Event: 3,205 Thread 0x00007f1d1c1a4c30 6363       3       java.util.Formatter$FixedString::print (26 bytes)
Event: 3,205 Thread 0x00007f1cc006d970 nmethod 6359 0x00007f1d06323b90 code [0x00007f1d06323d60, 0x00007f1d063243c0]
Event: 3,206 Thread 0x00007f1cc01c6f50 nmethod 6361 0x00007f1d06825410 code [0x00007f1d068255e0, 0x00007f1d06825960]
Event: 3,206 Thread 0x00007f1cc006d970 6364       3       java.lang.StringBuilder::append (8 bytes)
Event: 3,206 Thread 0x00007f1d1c1a4c30 nmethod 6363 0x00007f1d064b1990 code [0x00007f1d064b1b40, 0x00007f1d064b1d40]
Event: 3,206 Thread 0x00007f1cc006d970 nmethod 6364 0x00007f1d06214690 code [0x00007f1d06214840, 0x00007f1d062149e0]
Event: 3,206 Thread 0x00007f1d1c1a4c30 6365       3       org.springframework.boot.env.OriginTrackedPropertiesLoader$CharacterReader::getCharacter (6 bytes)
Event: 3,206 Thread 0x00007f1d1c1a4c30 nmethod 6365 0x00007f1d06015290 code [0x00007f1d06015420, 0x00007f1d06015530]
Event: 3,206 Thread 0x00007f1cc01c6f50 6366       3       org.springframework.boot.env.OriginTrackedPropertiesLoader$CharacterReader::isPropertyDelimiter (31 bytes)
Event: 3,206 Thread 0x00007f1cc01c5d70 nmethod 6362 0x00007f1d063c3110 code [0x00007f1d063c3300, 0x00007f1d063c38e0]
Event: 3,206 Thread 0x00007f1cc01c6f50 nmethod 6366 0x00007f1d06309890 code [0x00007f1d06309a40, 0x00007f1d06309c10]

GC Heap History (17 events):
Event: 0,337 GC heap before
{Heap before GC invocations=0 (full 0):
 garbage-first heap   total 260096K, used 22484K [0x0000000706000000, 0x0000000800000000)
  region size 2048K, 11 young (22528K), 0 survivors (0K)
 Metaspace       used 4836K, committed 5056K, reserved 1056768K
  class space    used 579K, committed 704K, reserved 1048576K
}
Event: 0,339 GC heap after
{Heap after GC invocations=1 (full 0):
 garbage-first heap   total 260096K, used 7573K [0x0000000706000000, 0x0000000800000000)
  region size 2048K, 2 young (4096K), 2 survivors (4096K)
 Metaspace       used 4836K, committed 5056K, reserved 1056768K
  class space    used 579K, committed 704K, reserved 1048576K
}
Event: 0,746 GC heap before
{Heap before GC invocations=1 (full 0):
 garbage-first heap   total 260096K, used 38293K [0x0000000706000000, 0x0000000800000000)
  region size 2048K, 17 young (34816K), 2 survivors (4096K)
 Metaspace       used 11654K, committed 11840K, reserved 1064960K
  class space    used 1468K, committed 1536K, reserved 1048576K
}
Event: 0,748 GC heap after
{Heap after GC invocations=2 (full 0):
 garbage-first heap   total 260096K, used 10344K [0x0000000706000000, 0x0000000800000000)
  region size 2048K, 2 young (4096K), 2 survivors (4096K)
 Metaspace       used 11654K, committed 11840K, reserved 1064960K
  class space    used 1468K, committed 1536K, reserved 1048576K
}
Event: 1,180 GC heap before
{Heap before GC invocations=2 (full 0):
 garbage-first heap   total 260096K, used 104552K [0x0000000706000000, 0x0000000800000000)
  region size 2048K, 50 young (102400K), 2 survivors (4096K)
 Metaspace       used 21077K, committed 21248K, reserved 1073152K
  class space    used 2790K, committed 2880K, reserved 1048576K
}
Event: 1,184 GC heap after
{Heap after GC invocations=3 (full 0):
 garbage-first heap   total 260096K, used 13962K [0x0000000706000000, 0x0000000800000000)
  region size 2048K, 3 young (6144K), 3 survivors (6144K)
 Metaspace       used 21077K, committed 21248K, reserved 1073152K
  class space    used 2790K, committed 2880K, reserved 1048576K
}
Event: 1,489 GC heap before
{Heap before GC invocations=4 (full 0):
 garbage-first heap   total 61440K, used 48778K [0x0000000706000000, 0x0000000800000000)
  region size 2048K, 20 young (40960K), 3 survivors (6144K)
 Metaspace       used 26062K, committed 26304K, reserved 1073152K
  class space    used 3518K, committed 3648K, reserved 1048576K
}
Event: 1,494 GC heap after
{Heap after GC invocations=5 (full 0):
 garbage-first heap   total 61440K, used 16684K [0x0000000706000000, 0x0000000800000000)
  region size 2048K, 2 young (4096K), 2 survivors (4096K)
 Metaspace       used 26062K, committed 26304K, reserved 1073152K
  class space    used 3518K, committed 3648K, reserved 1048576K
}
Event: 1,747 GC heap before
{Heap before GC invocations=5 (full 0):
 garbage-first heap   total 61440K, used 39212K [0x0000000706000000, 0x0000000800000000)
  region size 2048K, 13 young (26624K), 2 survivors (4096K)
 Metaspace       used 35037K, committed 35328K, reserved 1081344K
  class space    used 4702K, committed 4864K, reserved 1048576K
}
Event: 1,751 GC heap after
{Heap after GC invocations=6 (full 0):
 garbage-first heap   total 61440K, used 19794K [0x0000000706000000, 0x0000000800000000)
  region size 2048K, 2 young (4096K), 2 survivors (4096K)
 Metaspace       used 35037K, committed 35328K, reserved 1081344K
  class space    used 4702K, committed 4864K, reserved 1048576K
}
Event: 1,759 GC heap before
{Heap before GC invocations=6 (full 0):
 garbage-first heap   total 61440K, used 19794K [0x0000000706000000, 0x0000000800000000)
  region size 2048K, 3 young (6144K), 2 survivors (4096K)
 Metaspace       used 35233K, committed 35520K, reserved 1081344K
  class space    used 4727K, committed 4864K, reserved 1048576K
}
Event: 1,762 GC heap after
{Heap after GC invocations=7 (full 0):
 garbage-first heap   total 61440K, used 20616K [0x0000000706000000, 0x0000000800000000)
  region size 2048K, 1 young (2048K), 1 survivors (2048K)
 Metaspace       used 35233K, committed 35520K, reserved 1081344K
  class space    used 4727K, committed 4864K, reserved 1048576K
}
Event: 1,928 GC heap before
{Heap before GC invocations=8 (full 0):
 garbage-first heap   total 61440K, used 43144K [0x0000000706000000, 0x0000000800000000)
  region size 2048K, 12 young (24576K), 1 survivors (2048K)
 Metaspace       used 38927K, committed 39232K, reserved 1089536K
  class space    used 5253K, committed 5376K, reserved 1048576K
}
Event: 1,930 GC heap after
{Heap after GC invocations=9 (full 0):
 garbage-first heap   total 61440K, used 21101K [0x0000000706000000, 0x0000000800000000)
  region size 2048K, 1 young (2048K), 1 survivors (2048K)
 Metaspace       used 38927K, committed 39232K, reserved 1089536K
  class space    used 5253K, committed 5376K, reserved 1048576K
}
Event: 2,051 GC heap before
{Heap before GC invocations=9 (full 0):
 garbage-first heap   total 61440K, used 43629K [0x0000000706000000, 0x0000000800000000)
  region size 2048K, 12 young (24576K), 1 survivors (2048K)
 Metaspace       used 41832K, committed 42112K, reserved 1089536K
  class space    used 5595K, committed 5696K, reserved 1048576K
}
Event: 2,054 GC heap after
{Heap after GC invocations=10 (full 0):
 garbage-first heap   total 159744K, used 21956K [0x0000000706000000, 0x0000000800000000)
  region size 2048K, 1 young (2048K), 1 survivors (2048K)
 Metaspace       used 41832K, committed 42112K, reserved 1089536K
  class space    used 5595K, committed 5696K, reserved 1048576K
}
Event: 3,206 GC heap before
{Heap before GC invocations=10 (full 0):
 garbage-first heap   total 159744K, used 114116K [0x0000000706000000, 0x0000000800000000)
  region size 2048K, 46 young (94208K), 1 survivors (2048K)
 Metaspace       used 52701K, committed 53056K, reserved 1097728K
  class space    used 7165K, committed 7360K, reserved 1048576K
}

Deoptimization events (20 events):
Event: 3,184 Thread 0x00007f1d1c0268b0 Uncommon trap: trap_request=0xffffff66 fr.pc=0x00007f1d0d6b00dc relative=0x000000000000019c
Event: 3,184 Thread 0x00007f1d1c0268b0 Uncommon trap: reason=speculate_class_check action=maybe_recompile pc=0x00007f1d0d6b00dc method=java.util.stream.AbstractPipeline.spliterator()Ljava/util/Spliterator; @ 112 c2
Event: 3,184 Thread 0x00007f1d1c0268b0 DEOPT PACKING pc=0x00007f1d0d6b00dc sp=0x00007f1d2310c1a0
Event: 3,184 Thread 0x00007f1d1c0268b0 DEOPT UNPACKING pc=0x00007f1d05831424 sp=0x00007f1d2310c150 mode 2
Event: 3,184 Thread 0x00007f1d1c0268b0 Uncommon trap: trap_request=0xffffff66 fr.pc=0x00007f1d0d6b00dc relative=0x000000000000019c
Event: 3,184 Thread 0x00007f1d1c0268b0 Uncommon trap: reason=speculate_class_check action=maybe_recompile pc=0x00007f1d0d6b00dc method=java.util.stream.AbstractPipeline.spliterator()Ljava/util/Spliterator; @ 112 c2
Event: 3,184 Thread 0x00007f1d1c0268b0 DEOPT PACKING pc=0x00007f1d0d6b00dc sp=0x00007f1d2310c1a0
Event: 3,184 Thread 0x00007f1d1c0268b0 DEOPT UNPACKING pc=0x00007f1d05831424 sp=0x00007f1d2310c150 mode 2
Event: 3,184 Thread 0x00007f1d1c0268b0 Uncommon trap: trap_request=0xffffffde fr.pc=0x00007f1d0d4c417c relative=0x0000000000000a5c
Event: 3,184 Thread 0x00007f1d1c0268b0 Uncommon trap: reason=class_check action=maybe_recompile pc=0x00007f1d0d4c417c method=java.util.stream.Stream.concat(Ljava/util/stream/Stream;Ljava/util/stream/Stream;)Ljava/util/stream/Stream; @ 21 c2
Event: 3,184 Thread 0x00007f1d1c0268b0 DEOPT PACKING pc=0x00007f1d0d4c417c sp=0x00007f1d2310c260
Event: 3,184 Thread 0x00007f1d1c0268b0 DEOPT UNPACKING pc=0x00007f1d05831424 sp=0x00007f1d2310c238 mode 2
Event: 3,185 Thread 0x00007f1d1c0268b0 Uncommon trap: trap_request=0xffffffde fr.pc=0x00007f1d0d4c415c relative=0x0000000000000a3c
Event: 3,185 Thread 0x00007f1d1c0268b0 Uncommon trap: reason=class_check action=maybe_recompile pc=0x00007f1d0d4c415c method=java.util.stream.Stream.concat(Ljava/util/stream/Stream;Ljava/util/stream/Stream;)Ljava/util/stream/Stream; @ 15 c2
Event: 3,185 Thread 0x00007f1d1c0268b0 DEOPT PACKING pc=0x00007f1d0d4c415c sp=0x00007f1d2310be70
Event: 3,185 Thread 0x00007f1d1c0268b0 DEOPT UNPACKING pc=0x00007f1d05831424 sp=0x00007f1d2310be50 mode 2
Event: 3,185 Thread 0x00007f1d1c0268b0 Uncommon trap: trap_request=0xffffffde fr.pc=0x00007f1d0d4c417c relative=0x0000000000000a5c
Event: 3,185 Thread 0x00007f1d1c0268b0 Uncommon trap: reason=class_check action=maybe_recompile pc=0x00007f1d0d4c417c method=java.util.stream.Stream.concat(Ljava/util/stream/Stream;Ljava/util/stream/Stream;)Ljava/util/stream/Stream; @ 21 c2
Event: 3,185 Thread 0x00007f1d1c0268b0 DEOPT PACKING pc=0x00007f1d0d4c417c sp=0x00007f1d2310bee0
Event: 3,185 Thread 0x00007f1d1c0268b0 DEOPT UNPACKING pc=0x00007f1d05831424 sp=0x00007f1d2310beb8 mode 2

Classes unloaded (0 events):
No events

Classes redefined (0 events):
No events

Internal exceptions (20 events):
Event: 3,164 Thread 0x00007f1d1c0268b0 Exception <a 'java/lang/ClassNotFoundException'{0x000000070a09b348}: org/springframework/boot/autoconfigure/transaction/TransactionAutoConfiguration$EnableTransactionManagementConfigurationCustomizer> (0x000000070a09b348) 
thrown [open/src/hotspot/share/classfile/systemDictionary.cpp, line 256]
Event: 3,165 Thread 0x00007f1d1c0268b0 Exception <a 'java/lang/ClassNotFoundException'{0x000000070a0a2218}: java/lang/ObjectCustomizer> (0x000000070a0a2218) 
thrown [open/src/hotspot/share/classfile/systemDictionary.cpp, line 256]
Event: 3,165 Thread 0x00007f1d1c0268b0 Exception <a 'java/lang/ClassNotFoundException'{0x000000070a0ab7d0}: org/springframework/boot/autoconfigure/transaction/TransactionAutoConfiguration$TransactionTemplateConfigurationCustomizer> (0x000000070a0ab7d0) 
thrown [open/src/hotspot/share/classfile/systemDictionary.cpp, line 256]
Event: 3,166 Thread 0x00007f1d1c0268b0 Exception <a 'java/lang/ClassNotFoundException'{0x000000070a0c0448}: java/lang/ObjectCustomizer> (0x000000070a0c0448) 
thrown [open/src/hotspot/share/classfile/systemDictionary.cpp, line 256]
Event: 3,166 Thread 0x00007f1d1c0268b0 Exception <a 'java/lang/ClassNotFoundException'{0x000000070a0c9220}: org/springframework/transaction/support/DefaultTransactionDefinitionCustomizer> (0x000000070a0c9220) 
thrown [open/src/hotspot/share/classfile/systemDictionary.cpp, line 256]
Event: 3,167 Thread 0x00007f1d1c0268b0 Exception <a 'java/lang/ClassNotFoundException'{0x000000070a0dacd8}: org/springframework/transaction/support/TransactionTemplateCustomizer> (0x000000070a0dacd8) 
thrown [open/src/hotspot/share/classfile/systemDictionary.cpp, line 256]
Event: 3,167 Thread 0x00007f1d1c0268b0 Exception <a 'java/lang/ClassNotFoundException'{0x000000070a0ea780}: org/springframework/transaction/support/TransactionOperationsCustomizer> (0x000000070a0ea780) 
thrown [open/src/hotspot/share/classfile/systemDictionary.cpp, line 256]
Event: 3,167 Thread 0x00007f1d1c0268b0 Exception <a 'java/lang/ClassNotFoundException'{0x000000070a0f31f0}: org/springframework/beans/factory/InitializingBeanCustomizer> (0x000000070a0f31f0) 
thrown [open/src/hotspot/share/classfile/systemDictionary.cpp, line 256]
Event: 3,167 Thread 0x00007f1d1c0268b0 Exception <a 'java/lang/ClassNotFoundException'{0x000000070a0f9318}: org/springframework/transaction/TransactionDefinitionCustomizer> (0x000000070a0f9318) 
thrown [open/src/hotspot/share/classfile/systemDictionary.cpp, line 256]
Event: 3,180 Thread 0x00007f1d1c0268b0 Exception <a 'java/lang/ClassNotFoundException'{0x000000070a1a61a0}: java/lang/ObjectCustomizer> (0x000000070a1a61a0) 
thrown [open/src/hotspot/share/classfile/systemDictionary.cpp, line 256]
Event: 3,181 Thread 0x00007f1d1c0268b0 Exception <a 'java/lang/ClassNotFoundException'{0x000000070a1ae5f0}: com/ironhack/homework3/repository/SalesRepRepositoryTestCustomizer> (0x000000070a1ae5f0) 
thrown [open/src/hotspot/share/classfile/systemDictionary.cpp, line 256]
Event: 3,194 Thread 0x00007f1d1da959d0 Exception <a 'java/io/IOException'{0x0000000709f04740}> (0x0000000709f04740) 
thrown [open/src/hotspot/share/prims/jni.cpp, line 579]
Event: 3,195 Thread 0x00007f1d1da959d0 Exception <a 'java/io/IOException'{0x0000000709f06698}> (0x0000000709f06698) 
thrown [open/src/hotspot/share/prims/jni.cpp, line 579]
Event: 3,195 Thread 0x00007f1d1da959d0 Exception <a 'java/io/IOException'{0x0000000709f08458}> (0x0000000709f08458) 
thrown [open/src/hotspot/share/prims/jni.cpp, line 579]
Event: 3,195 Thread 0x00007f1d1da959d0 Exception <a 'java/io/IOException'{0x0000000709f0a218}> (0x0000000709f0a218) 
thrown [open/src/hotspot/share/prims/jni.cpp, line 579]
Event: 3,195 Thread 0x00007f1d1da959d0 Exception <a 'java/io/IOException'{0x0000000709f0bfd8}> (0x0000000709f0bfd8) 
thrown [open/src/hotspot/share/prims/jni.cpp, line 579]
Event: 3,196 Thread 0x00007f1d1da959d0 Exception <a 'java/io/IOException'{0x0000000709f0dd98}> (0x0000000709f0dd98) 
thrown [open/src/hotspot/share/prims/jni.cpp, line 579]
Event: 3,196 Thread 0x00007f1d1da959d0 Exception <a 'java/io/IOException'{0x0000000709f0fb58}> (0x0000000709f0fb58) 
thrown [open/src/hotspot/share/prims/jni.cpp, line 579]
Event: 3,196 Thread 0x00007f1d1da959d0 Exception <a 'java/io/IOException'{0x0000000709f11918}> (0x0000000709f11918) 
thrown [open/src/hotspot/share/prims/jni.cpp, line 579]
Event: 3,196 Thread 0x00007f1d1da959d0 Exception <a 'java/io/IOException'{0x0000000709f136d8}> (0x0000000709f136d8) 
thrown [open/src/hotspot/share/prims/jni.cpp, line 579]

Events (20 events):
Event: 3,192 loading class jdk/internal/reflect/UnsafeQualifiedObjectFieldAccessorImpl
Event: 3,192 loading class jdk/internal/reflect/UnsafeQualifiedFieldAccessorImpl
Event: 3,192 loading class jdk/internal/reflect/UnsafeQualifiedFieldAccessorImpl done
Event: 3,192 loading class jdk/internal/reflect/UnsafeQualifiedObjectFieldAccessorImpl done
Event: 3,193 Thread 0x00007f1d1da959d0 Thread added: 0x00007f1d1da959d0
Event: 3,193 Protecting memory [0x00007f1c844fd000,0x00007f1c84501000] with protection modes 0
Event: 3,193 Thread 0x00007f1c48004c80 Thread exited: 0x00007f1c48004c80
Event: 3,193 Thread 0x00007f1d1d11b320 Thread exited: 0x00007f1d1d11b320
Event: 3,193 loading class sun/security/ssl/Alert
Event: 3,194 loading class sun/security/ssl/Alert done
Event: 3,194 loading class sun/security/ssl/Alert$AlertConsumer
Event: 3,194 loading class sun/security/ssl/Alert$AlertConsumer done
Event: 3,194 loading class sun/security/ssl/Alert$Level
Event: 3,194 loading class sun/security/ssl/Alert$Level done
Event: 3,194 loading class javax/crypto/AEADBadTagException
Event: 3,194 loading class javax/crypto/AEADBadTagException done
Event: 3,197 Thread 0x00007f1d1da959d0 Thread exited: 0x00007f1d1da959d0
Event: 3,205 Executing  VM operation: ICBufferFull
Event: 3,205 Executing  VM operation: ICBufferFull done
Event: 3,206 Executing  VM operation: G1CollectForAllocation


Dynamic libraries:
706000000-70f600000 rw-p 00000000 00:00 0 
70f600000-715800000 ---p 00000000 00:00 0 
715800000-715a00000 rw-p 00000000 00:00 0 
715a00000-7ffc00000 ---p 00000000 00:00 0 
7ffc00000-7ffd00000 rw-p 00000000 00:00 0 
7ffd00000-7ffd75000 rw-p 00c79000 08:15 394268                           /home/joaodss/.jdks/openjdk-16.0.1/lib/server/classes.jsa
7ffd75000-7ffe00000 rw-p 00000000 00:00 0 
7ffe00000-7ffe80000 rw-p 00bf9000 08:15 394268                           /home/joaodss/.jdks/openjdk-16.0.1/lib/server/classes.jsa
7ffe80000-800000000 rw-p 00000000 00:00 0 
800000000-800003000 rwxp 00001000 08:15 394268                           /home/joaodss/.jdks/openjdk-16.0.1/lib/server/classes.jsa
800003000-800411000 rw-p 00004000 08:15 394268                           /home/joaodss/.jdks/openjdk-16.0.1/lib/server/classes.jsa
800411000-800bc1000 r--p 00412000 08:15 394268                           /home/joaodss/.jdks/openjdk-16.0.1/lib/server/classes.jsa
800bc1000-800c00000 ---p 00000000 00:00 0 
800c00000-800c40000 rw-p 00000000 00:00 0 
800c40000-800c80000 rw-p 00000000 00:00 0 
800c80000-800ce0000 rw-p 00000000 00:00 0 
800ce0000-800d00000 rw-p 00000000 00:00 0 
800d00000-800dc0000 rw-p 00000000 00:00 0 
800dc0000-800e00000 rw-p 00000000 00:00 0 
800e00000-8010c0000 rw-p 00000000 00:00 0 
8010c0000-801330000 rw-p 00000000 00:00 0 
801330000-840c00000 ---p 00000000 00:00 0 
55869bd6d000-55869bd6e000 r-xp 00000000 08:15 393787                     /home/joaodss/.jdks/openjdk-16.0.1/bin/java
55869bd6f000-55869bd70000 r--p 00001000 08:15 393787                     /home/joaodss/.jdks/openjdk-16.0.1/bin/java
55869bd70000-55869bd71000 rw-p 00002000 08:15 393787                     /home/joaodss/.jdks/openjdk-16.0.1/bin/java
55869cf7a000-55869cf9b000 rw-p 00000000 00:00 0                          [heap]
7f1c38000000-7f1c38f84000 rw-p 00000000 00:00 0 
7f1c38f84000-7f1c3c000000 ---p 00000000 00:00 0 
7f1c3c000000-7f1c3c021000 rw-p 00000000 00:00 0 
7f1c3c021000-7f1c40000000 ---p 00000000 00:00 0 
7f1c40000000-7f1c40eed000 rw-p 00000000 00:00 0 
7f1c40eed000-7f1c44000000 ---p 00000000 00:00 0 
7f1c44000000-7f1c44fa2000 rw-p 00000000 00:00 0 
7f1c44fa2000-7f1c48000000 ---p 00000000 00:00 0 
7f1c48000000-7f1c48021000 rw-p 00000000 00:00 0 
7f1c48021000-7f1c4c000000 ---p 00000000 00:00 0 
7f1c4c000000-7f1c4c021000 rw-p 00000000 00:00 0 
7f1c4c021000-7f1c50000000 ---p 00000000 00:00 0 
7f1c50000000-7f1c50021000 rw-p 00000000 00:00 0 
7f1c50021000-7f1c54000000 ---p 00000000 00:00 0 
7f1c54000000-7f1c54021000 rw-p 00000000 00:00 0 
7f1c54021000-7f1c58000000 ---p 00000000 00:00 0 
7f1c58000000-7f1c58021000 rw-p 00000000 00:00 0 
7f1c58021000-7f1c5c000000 ---p 00000000 00:00 0 
7f1c5c000000-7f1c5d13d000 rw-p 00000000 00:00 0 
7f1c5d13d000-7f1c60000000 ---p 00000000 00:00 0 
7f1c60000000-7f1c60021000 rw-p 00000000 00:00 0 
7f1c60021000-7f1c64000000 ---p 00000000 00:00 0 
7f1c64000000-7f1c64021000 rw-p 00000000 00:00 0 
7f1c64021000-7f1c68000000 ---p 00000000 00:00 0 
7f1c68000000-7f1c68021000 rw-p 00000000 00:00 0 
7f1c68021000-7f1c6c000000 ---p 00000000 00:00 0 
7f1c6c000000-7f1c6c150000 rw-p 00000000 00:00 0 
7f1c6c150000-7f1c70000000 ---p 00000000 00:00 0 
7f1c70000000-7f1c70021000 rw-p 00000000 00:00 0 
7f1c70021000-7f1c74000000 ---p 00000000 00:00 0 
7f1c74000000-7f1c74021000 rw-p 00000000 00:00 0 
7f1c74021000-7f1c78000000 ---p 00000000 00:00 0 
7f1c78000000-7f1c78024000 rw-p 00000000 00:00 0 
7f1c78024000-7f1c7c000000 ---p 00000000 00:00 0 
7f1c7c000000-7f1c7c02a000 rw-p 00000000 00:00 0 
7f1c7c02a000-7f1c80000000 ---p 00000000 00:00 0 
7f1c80000000-7f1c81310000 rw-p 00000000 00:00 0 
7f1c81310000-7f1c84000000 ---p 00000000 00:00 0 
7f1c8429c000-7f1c844fd000 rw-p 00000000 00:00 0 
7f1c844fd000-7f1c84501000 ---p 00000000 00:00 0 
7f1c84501000-7f1c845fe000 rw-p 00000000 00:00 0 
7f1c845fe000-7f1c84602000 ---p 00000000 00:00 0 
7f1c84602000-7f1c846ff000 rw-p 00000000 00:00 0 
7f1c846ff000-7f1c84703000 ---p 00000000 00:00 0 
7f1c84703000-7f1c84cd0000 rw-p 00000000 00:00 0 
7f1c84cd0000-7f1c85000000 ---p 00000000 00:00 0 
7f1c85000000-7f1c85100000 rw-p 00000000 00:00 0 
7f1c85100000-7f1c851d0000 rw-p 00000000 00:00 0 
7f1c851d0000-7f1c85200000 ---p 00000000 00:00 0 
7f1c85200000-7f1c85800000 rw-p 00000000 00:00 0 
7f1c85800000-7f1c85ac0000 rw-p 00000000 00:00 0 
7f1c85ac0000-7f1c85b00000 rw-p 00000000 00:00 0 
7f1c85b00000-7f1c85c40000 rw-p 00000000 00:00 0 
7f1c85c40000-7f1c85c80000 rw-p 00000000 00:00 0 
7f1c85c80000-7f1c85d00000 rw-p 00000000 00:00 0 
7f1c85d00000-7f1c86000000 rw-p 00000000 00:00 0 
7f1c860e8000-7f1c860ec000 ---p 00000000 00:00 0 
7f1c860ec000-7f1c861e9000 rw-p 00000000 00:00 0 
7f1c861e9000-7f1c861ed000 ---p 00000000 00:00 0 
7f1c861ed000-7f1c862ea000 rw-p 00000000 00:00 0 
7f1c862ea000-7f1c862ee000 ---p 00000000 00:00 0 
7f1c862ee000-7f1c863eb000 rw-p 00000000 00:00 0 
7f1c863eb000-7f1c863ec000 ---p 00000000 00:00 0 
7f1c863ec000-7f1c864ed000 rw-p 00000000 00:00 0 
7f1c864ed000-7f1c864ee000 ---p 00000000 00:00 0 
7f1c864ee000-7f1c865ef000 rw-p 00000000 00:00 0 
7f1c865ef000-7f1c865f3000 ---p 00000000 00:00 0 
7f1c865f3000-7f1c866f0000 rw-p 00000000 00:00 0 
7f1c866f0000-7f1c866f4000 ---p 00000000 00:00 0 
7f1c866f4000-7f1c867f1000 rw-p 00000000 00:00 0 
7f1c867f1000-7f1c867f2000 ---p 00000000 00:00 0 
7f1c867f2000-7f1c868f3000 rw-p 00000000 00:00 0 
7f1c868f3000-7f1c868f4000 ---p 00000000 00:00 0 
7f1c868f4000-7f1c869f5000 rw-p 00000000 00:00 0 
7f1c869f5000-7f1c869f6000 ---p 00000000 00:00 0 
7f1c869f6000-7f1c86af7000 rw-p 00000000 00:00 0 
7f1c86af7000-7f1c86af8000 ---p 00000000 00:00 0 
7f1c86af8000-7f1c86bf9000 rw-p 00000000 00:00 0 
7f1c86bf9000-7f1c86bfa000 ---p 00000000 00:00 0 
7f1c86bfa000-7f1c86cfb000 rw-p 00000000 00:00 0 
7f1c86cfb000-7f1c86cfc000 ---p 00000000 00:00 0 
7f1c86cfc000-7f1c86dfd000 rw-p 00000000 00:00 0 
7f1c86dfd000-7f1c86dfe000 ---p 00000000 00:00 0 
7f1c86dfe000-7f1c86eff000 rw-p 00000000 00:00 0 
7f1c86eff000-7f1c86f03000 ---p 00000000 00:00 0 
7f1c86f03000-7f1c87180000 rw-p 00000000 00:00 0 
7f1c87180000-7f1c87200000 rw-p 00000000 00:00 0 
7f1c87200000-7f1c873c0000 rw-p 00000000 00:00 0 
7f1c873c0000-7f1c87400000 rw-p 00000000 00:00 0 
7f1c87400000-7f1c87700000 rw-p 00000000 00:00 0 
7f1c87700000-7f1c87800000 rw-p 00000000 00:00 0 
7f1c87800000-7f1c87b00000 rw-p 00000000 00:00 0 
7f1c87b00000-7f1c87c00000 rw-p 00000000 00:00 0 
7f1c87c00000-7f1c88000000 rw-p 00000000 00:00 0 
7f1c88000000-7f1c88240000 rw-p 00000000 00:00 0 
7f1c88240000-7f1c8c000000 ---p 00000000 00:00 0 
7f1c8c000000-7f1c8c23e000 rw-p 00000000 00:00 0 
7f1c8c23e000-7f1c90000000 ---p 00000000 00:00 0 
7f1c90000000-7f1c90021000 rw-p 00000000 00:00 0 
7f1c90021000-7f1c94000000 ---p 00000000 00:00 0 
7f1c94000000-7f1c94021000 rw-p 00000000 00:00 0 
7f1c94021000-7f1c98000000 ---p 00000000 00:00 0 
7f1c98000000-7f1c98021000 rw-p 00000000 00:00 0 
7f1c98021000-7f1c9c000000 ---p 00000000 00:00 0 
7f1c9c000000-7f1c9c021000 rw-p 00000000 00:00 0 
7f1c9c021000-7f1ca0000000 ---p 00000000 00:00 0 
7f1ca0000000-7f1ca1542000 rw-p 00000000 00:00 0 
7f1ca1542000-7f1ca4000000 ---p 00000000 00:00 0 
7f1ca4000000-7f1ca4021000 rw-p 00000000 00:00 0 
7f1ca4021000-7f1ca8000000 ---p 00000000 00:00 0 
7f1ca8000000-7f1ca8021000 rw-p 00000000 00:00 0 
7f1ca8021000-7f1cac000000 ---p 00000000 00:00 0 
7f1cac000000-7f1cad552000 rw-p 00000000 00:00 0 
7f1cad552000-7f1cb0000000 ---p 00000000 00:00 0 
7f1cb0000000-7f1cb0021000 rw-p 00000000 00:00 0 
7f1cb0021000-7f1cb4000000 ---p 00000000 00:00 0 
7f1cb4000000-7f1cb4021000 rw-p 00000000 00:00 0 
7f1cb4021000-7f1cb8000000 ---p 00000000 00:00 0 
7f1cb8000000-7f1cb8021000 rw-p 00000000 00:00 0 
7f1cb8021000-7f1cbc000000 ---p 00000000 00:00 0 
7f1cbc000000-7f1cbc4f7000 rw-p 00000000 00:00 0 
7f1cbc4f7000-7f1cc0000000 ---p 00000000 00:00 0 
7f1cc0000000-7f1cc03c3000 rw-p 00000000 00:00 0 
7f1cc03c3000-7f1cc4000000 ---p 00000000 00:00 0 
7f1cc4000000-7f1cc4139000 rw-p 00000000 00:00 0 
7f1cc4139000-7f1cc8000000 ---p 00000000 00:00 0 
7f1cc8000000-7f1cc8021000 rw-p 00000000 00:00 0 
7f1cc8021000-7f1ccc000000 ---p 00000000 00:00 0 
7f1ccc000000-7f1ccdce7000 rw-p 00000000 00:00 0 
7f1ccdce7000-7f1cd0000000 ---p 00000000 00:00 0 
7f1cd0000000-7f1cd0021000 rw-p 00000000 00:00 0 
7f1cd0021000-7f1cd4000000 ---p 00000000 00:00 0 
7f1cd4000000-7f1cd4021000 rw-p 00000000 00:00 0 
7f1cd4021000-7f1cd8000000 ---p 00000000 00:00 0 
7f1cd8000000-7f1cd8021000 rw-p 00000000 00:00 0 
7f1cd8021000-7f1cdc000000 ---p 00000000 00:00 0 
7f1cdc000000-7f1cdc021000 rw-p 00000000 00:00 0 
7f1cdc021000-7f1ce0000000 ---p 00000000 00:00 0 
7f1ce0000000-7f1ce0021000 rw-p 00000000 00:00 0 
7f1ce0021000-7f1ce4000000 ---p 00000000 00:00 0 
7f1ce4000000-7f1ce4021000 rw-p 00000000 00:00 0 
7f1ce4021000-7f1ce8000000 ---p 00000000 00:00 0 
7f1ce8000000-7f1ce8021000 rw-p 00000000 00:00 0 
7f1ce8021000-7f1cec000000 ---p 00000000 00:00 0 
7f1cec00a000-7f1cec00e000 ---p 00000000 00:00 0 
7f1cec00e000-7f1cec10b000 rw-p 00000000 00:00 0 
7f1cec10b000-7f1cec10f000 ---p 00000000 00:00 0 
7f1cec10f000-7f1cec20c000 rw-p 00000000 00:00 0 
7f1cec20c000-7f1cec210000 ---p 00000000 00:00 0 
7f1cec210000-7f1cec30d000 rw-p 00000000 00:00 0 
7f1cec30d000-7f1cec30e000 ---p 00000000 00:00 0 
7f1cec30e000-7f1cec40f000 rw-p 00000000 00:00 0 
7f1cec40f000-7f1cec410000 ---p 00000000 00:00 0 
7f1cec410000-7f1cec511000 rw-p 00000000 00:00 0 
7f1cec511000-7f1cec512000 ---p 00000000 00:00 0 
7f1cec512000-7f1cec613000 rw-p 00000000 00:00 0 
7f1cec613000-7f1cec614000 ---p 00000000 00:00 0 
7f1cec614000-7f1cec715000 rw-p 00000000 00:00 0 
7f1cec715000-7f1cec716000 ---p 00000000 00:00 0 
7f1cec716000-7f1cec817000 rw-p 00000000 00:00 0 
7f1cec817000-7f1cec81b000 ---p 00000000 00:00 0 
7f1cec81b000-7f1cec918000 rw-p 00000000 00:00 0 
7f1cec918000-7f1cec91c000 ---p 00000000 00:00 0 
7f1cec91c000-7f1ceca19000 rw-p 00000000 00:00 0 
7f1ceca19000-7f1ceca1a000 ---p 00000000 00:00 0 
7f1ceca1a000-7f1cecb1b000 rw-p 00000000 00:00 0 
7f1cecb1b000-7f1cecb1f000 ---p 00000000 00:00 0 
7f1cecb1f000-7f1cecc1c000 rw-p 00000000 00:00 0 
7f1cecc1c000-7f1cecc20000 ---p 00000000 00:00 0 
7f1cecc20000-7f1cecd1d000 rw-p 00000000 00:00 0 
7f1cecd1d000-7f1cecd21000 ---p 00000000 00:00 0 
7f1cecd21000-7f1cece1e000 rw-p 00000000 00:00 0 
7f1cece1e000-7f1cece22000 ---p 00000000 00:00 0 
7f1cece22000-7f1cecf1f000 rw-p 00000000 00:00 0 
7f1cecf1f000-7f1cecf23000 ---p 00000000 00:00 0 
7f1cecf23000-7f1ced020000 rw-p 00000000 00:00 0 
7f1ced020000-7f1ced024000 ---p 00000000 00:00 0 
7f1ced024000-7f1ced121000 rw-p 00000000 00:00 0 
7f1ced121000-7f1ced125000 ---p 00000000 00:00 0 
7f1ced125000-7f1ced222000 rw-p 00000000 00:00 0 
7f1ced222000-7f1cee000000 r--p 00000000 08:13 3152567                    /usr/lib/locale/locale-archive
7f1cee000000-7f1cf0000000 rw-p 00000000 00:00 0 
7f1cf0000000-7f1cf0021000 rw-p 00000000 00:00 0 
7f1cf0021000-7f1cf4000000 ---p 00000000 00:00 0 
7f1cf4000000-7f1cf4021000 rw-p 00000000 00:00 0 
7f1cf4021000-7f1cf8000000 ---p 00000000 00:00 0 
7f1cf8000000-7f1cf8021000 rw-p 00000000 00:00 0 
7f1cf8021000-7f1cfc000000 ---p 00000000 00:00 0 
7f1cfc0fd000-7f1cfc101000 ---p 00000000 00:00 0 
7f1cfc101000-7f1cfc1fe000 rw-p 00000000 00:00 0 
7f1cfc1fe000-7f1cfc202000 ---p 00000000 00:00 0 
7f1cfc202000-7f1cfc2ff000 rw-p 00000000 00:00 0 
7f1cfc2ff000-7f1cfc303000 ---p 00000000 00:00 0 
7f1cfc303000-7f1cfc800000 rw-p 00000000 00:00 0 
7f1cfc800000-7f1cfcc00000 rw-p 00000000 00:00 0 
7f1cfcc93000-7f1cfcc95000 r--p 00000000 08:13 3154624                    /usr/lib/x86_64-linux-gnu/libnss_dns-2.31.so
7f1cfcc95000-7f1cfcc99000 r-xp 00002000 08:13 3154624                    /usr/lib/x86_64-linux-gnu/libnss_dns-2.31.so
7f1cfcc99000-7f1cfcc9a000 r--p 00006000 08:13 3154624                    /usr/lib/x86_64-linux-gnu/libnss_dns-2.31.so
7f1cfcc9a000-7f1cfcc9b000 r--p 00006000 08:13 3154624                    /usr/lib/x86_64-linux-gnu/libnss_dns-2.31.so
7f1cfcc9b000-7f1cfcc9c000 rw-p 00007000 08:13 3154624                    /usr/lib/x86_64-linux-gnu/libnss_dns-2.31.so
7f1cfcc9c000-7f1cfcca0000 r--p 00000000 08:13 3154808                    /usr/lib/x86_64-linux-gnu/libresolv-2.31.so
7f1cfcca0000-7f1cfccb0000 r-xp 00004000 08:13 3154808                    /usr/lib/x86_64-linux-gnu/libresolv-2.31.so
7f1cfccb0000-7f1cfccb3000 r--p 00014000 08:13 3154808                    /usr/lib/x86_64-linux-gnu/libresolv-2.31.so
7f1cfccb3000-7f1cfccb4000 ---p 00017000 08:13 3154808                    /usr/lib/x86_64-linux-gnu/libresolv-2.31.so
7f1cfccb4000-7f1cfccb5000 r--p 00017000 08:13 3154808                    /usr/lib/x86_64-linux-gnu/libresolv-2.31.so
7f1cfccb5000-7f1cfccb6000 rw-p 00018000 08:13 3154808                    /usr/lib/x86_64-linux-gnu/libresolv-2.31.so
7f1cfccb6000-7f1cfccb8000 rw-p 00000000 00:00 0 
7f1cfccb8000-7f1cfccb9000 r--p 00000000 08:13 3154632                    /usr/lib/x86_64-linux-gnu/libnss_mdns4_minimal.so.2
7f1cfccb9000-7f1cfccbb000 r-xp 00001000 08:13 3154632                    /usr/lib/x86_64-linux-gnu/libnss_mdns4_minimal.so.2
7f1cfccbb000-7f1cfccbc000 r--p 00003000 08:13 3154632                    /usr/lib/x86_64-linux-gnu/libnss_mdns4_minimal.so.2
7f1cfccbc000-7f1cfccbd000 r--p 00003000 08:13 3154632                    /usr/lib/x86_64-linux-gnu/libnss_mdns4_minimal.so.2
7f1cfccbd000-7f1cfccbe000 rw-p 00004000 08:13 3154632                    /usr/lib/x86_64-linux-gnu/libnss_mdns4_minimal.so.2
7f1cfccd3000-7f1cfccda000 r--s 00000000 08:13 3673991                    /usr/lib/x86_64-linux-gnu/gconv/gconv-modules.cache
7f1cfccda000-7f1cfccdf000 r-xp 00000000 08:15 394251                     /home/joaodss/.jdks/openjdk-16.0.1/lib/libmanagement_ext.so
7f1cfccdf000-7f1cfcce0000 ---p 00005000 08:15 394251                     /home/joaodss/.jdks/openjdk-16.0.1/lib/libmanagement_ext.so
7f1cfcce0000-7f1cfcce1000 r--p 00005000 08:15 394251                     /home/joaodss/.jdks/openjdk-16.0.1/lib/libmanagement_ext.so
7f1cfcce1000-7f1cfcce2000 rw-p 00006000 08:15 394251                     /home/joaodss/.jdks/openjdk-16.0.1/lib/libmanagement_ext.so
7f1cfcce2000-7f1cfcce6000 r-xp 00000000 08:15 394249                     /home/joaodss/.jdks/openjdk-16.0.1/lib/libmanagement.so
7f1cfcce6000-7f1cfcce7000 r--p 00003000 08:15 394249                     /home/joaodss/.jdks/openjdk-16.0.1/lib/libmanagement.so
7f1cfcce7000-7f1cfcce8000 rw-p 00004000 08:15 394249                     /home/joaodss/.jdks/openjdk-16.0.1/lib/libmanagement.so
7f1cfcce8000-7f1cfccf5000 r-xp 00000000 08:15 394260                     /home/joaodss/.jdks/openjdk-16.0.1/lib/libverify.so
7f1cfccf5000-7f1cfccf7000 r--p 0000c000 08:15 394260                     /home/joaodss/.jdks/openjdk-16.0.1/lib/libverify.so
7f1cfccf7000-7f1cfccf8000 rw-p 0000e000 08:15 394260                     /home/joaodss/.jdks/openjdk-16.0.1/lib/libverify.so
7f1cfccf8000-7f1cfccfc000 ---p 00000000 00:00 0 
7f1cfccfc000-7f1cfcdf9000 rw-p 00000000 00:00 0 
7f1cfcdf9000-7f1cfcdfd000 ---p 00000000 00:00 0 
7f1cfcdfd000-7f1cfcefa000 rw-p 00000000 00:00 0 
7f1cfcefa000-7f1cfcefb000 ---p 00000000 00:00 0 
7f1cfcefb000-7f1cfd0d8000 rw-p 00000000 00:00 0 
7f1cfd0d8000-7f1cfd0d9000 ---p 00000000 00:00 0 
7f1cfd0d9000-7f1cfd1da000 rw-p 00000000 00:00 0 
7f1cfd1da000-7f1cfd1db000 ---p 00000000 00:00 0 
7f1cfd1db000-7f1cfdd3c000 rw-p 00000000 00:00 0 
7f1cfdd3c000-7f1cfdec4000 ---p 00000000 00:00 0 
7f1cfdec4000-7f1cfdecc000 rw-p 00000000 00:00 0 
7f1cfdecc000-7f1d01954000 ---p 00000000 00:00 0 
7f1d01954000-7f1d01bbc000 rw-p 00000000 00:00 0 
7f1d01bbc000-7f1d01d44000 ---p 00000000 00:00 0 
7f1d01d44000-7f1d01d4c000 rw-p 00000000 00:00 0 
7f1d01d4c000-7f1d057d4000 ---p 00000000 00:00 0 
7f1d057d4000-7f1d057e4000 rw-p 00000000 00:00 0 
7f1d057e4000-7f1d05af4000 rwxp 00000000 00:00 0 
7f1d05af4000-7f1d05f25000 ---p 00000000 00:00 0 
7f1d05f25000-7f1d06b65000 rwxp 00000000 00:00 0 
7f1d06b65000-7f1d0d384000 ---p 00000000 00:00 0 
7f1d0d384000-7f1d0d714000 rwxp 00000000 00:00 0 
7f1d0d714000-7f1d147e4000 ---p 00000000 00:00 0 
7f1d147e4000-7f1d1c000000 r--s 00000000 08:15 394262                     /home/joaodss/.jdks/openjdk-16.0.1/lib/modules
7f1d1c000000-7f1d1da99000 rw-p 00000000 00:00 0 
7f1d1da99000-7f1d20000000 ---p 00000000 00:00 0 
7f1d20005000-7f1d2001a000 r-xp 00000000 08:15 394253                     /home/joaodss/.jdks/openjdk-16.0.1/lib/libnet.so
7f1d2001a000-7f1d2001b000 r--p 00014000 08:15 394253                     /home/joaodss/.jdks/openjdk-16.0.1/lib/libnet.so
7f1d2001b000-7f1d2001c000 rw-p 00015000 08:15 394253                     /home/joaodss/.jdks/openjdk-16.0.1/lib/libnet.so
7f1d2001c000-7f1d2002f000 r-xp 00000000 08:15 394254                     /home/joaodss/.jdks/openjdk-16.0.1/lib/libnio.so
7f1d2002f000-7f1d20030000 r--p 00012000 08:15 394254                     /home/joaodss/.jdks/openjdk-16.0.1/lib/libnio.so
7f1d20030000-7f1d20031000 rw-p 00013000 08:15 394254                     /home/joaodss/.jdks/openjdk-16.0.1/lib/libnio.so
7f1d20031000-7f1d20577000 rw-p 00000000 00:00 0 
7f1d20577000-7f1d20578000 ---p 00000000 00:00 0 
7f1d20578000-7f1d20679000 rw-p 00000000 00:00 0 
7f1d20679000-7f1d2067a000 ---p 00000000 00:00 0 
7f1d2067a000-7f1d2077b000 rw-p 00000000 00:00 0 
7f1d2077b000-7f1d2077c000 ---p 00000000 00:00 0 
7f1d2077c000-7f1d20988000 rw-p 00000000 00:00 0 
7f1d20988000-7f1d209b9000 ---p 00000000 00:00 0 
7f1d209b9000-7f1d209ba000 rw-p 00000000 00:00 0 
7f1d209ba000-7f1d2110b000 ---p 00000000 00:00 0 
7f1d2110b000-7f1d21158000 rw-p 00000000 00:00 0 
7f1d21158000-7f1d21189000 ---p 00000000 00:00 0 
7f1d21189000-7f1d2118a000 rw-p 00000000 00:00 0 
7f1d2118a000-7f1d218db000 ---p 00000000 00:00 0 
7f1d218db000-7f1d21928000 rw-p 00000000 00:00 0 
7f1d21928000-7f1d21959000 ---p 00000000 00:00 0 
7f1d21959000-7f1d2195a000 rw-p 00000000 00:00 0 
7f1d2195a000-7f1d220ab000 ---p 00000000 00:00 0 
7f1d220ab000-7f1d22dc2000 rw-p 00000000 00:00 0 
7f1d22dc2000-7f1d22ea3000 ---p 00000000 00:00 0 
7f1d22ea3000-7f1d22ebc000 rw-p 00000000 00:00 0 
7f1d22ebc000-7f1d22f8c000 ---p 00000000 00:00 0 
7f1d22f8c000-7f1d22f8f000 r--p 00000000 08:13 3154626                    /usr/lib/x86_64-linux-gnu/libnss_files-2.31.so
7f1d22f8f000-7f1d22f96000 r-xp 00003000 08:13 3154626                    /usr/lib/x86_64-linux-gnu/libnss_files-2.31.so
7f1d22f96000-7f1d22f98000 r--p 0000a000 08:13 3154626                    /usr/lib/x86_64-linux-gnu/libnss_files-2.31.so
7f1d22f98000-7f1d22f99000 r--p 0000b000 08:13 3154626                    /usr/lib/x86_64-linux-gnu/libnss_files-2.31.so
7f1d22f99000-7f1d22f9a000 rw-p 0000c000 08:13 3154626                    /usr/lib/x86_64-linux-gnu/libnss_files-2.31.so
7f1d22f9a000-7f1d22fa0000 rw-p 00000000 00:00 0 
7f1d22fa3000-7f1d22faa000 r-xp 00000000 08:15 394261                     /home/joaodss/.jdks/openjdk-16.0.1/lib/libzip.so
7f1d22faa000-7f1d22fab000 ---p 00007000 08:15 394261                     /home/joaodss/.jdks/openjdk-16.0.1/lib/libzip.so
7f1d22fab000-7f1d22fac000 r--p 00007000 08:15 394261                     /home/joaodss/.jdks/openjdk-16.0.1/lib/libzip.so
7f1d22fac000-7f1d22fad000 rw-p 00008000 08:15 394261                     /home/joaodss/.jdks/openjdk-16.0.1/lib/libzip.so
7f1d22fad000-7f1d22fb4000 rw-p 00000000 00:00 0 
7f1d22fb4000-7f1d22fbc000 ---p 00000000 00:00 0 
7f1d22fbc000-7f1d22fe0000 r-xp 00000000 08:15 394240                     /home/joaodss/.jdks/openjdk-16.0.1/lib/libjava.so
7f1d22fe0000-7f1d22fe1000 ---p 00024000 08:15 394240                     /home/joaodss/.jdks/openjdk-16.0.1/lib/libjava.so
7f1d22fe1000-7f1d22fe2000 r--p 00024000 08:15 394240                     /home/joaodss/.jdks/openjdk-16.0.1/lib/libjava.so
7f1d22fe2000-7f1d22fe3000 rw-p 00025000 08:15 394240                     /home/joaodss/.jdks/openjdk-16.0.1/lib/libjava.so
7f1d22fe3000-7f1d22fe4000 rw-p 00000000 00:00 0 
7f1d22fe4000-7f1d22fff000 r-xp 00000000 08:15 394244                     /home/joaodss/.jdks/openjdk-16.0.1/lib/libjimage.so
7f1d22fff000-7f1d23000000 ---p 0001b000 08:15 394244                     /home/joaodss/.jdks/openjdk-16.0.1/lib/libjimage.so
7f1d23000000-7f1d23002000 r--p 0001b000 08:15 394244                     /home/joaodss/.jdks/openjdk-16.0.1/lib/libjimage.so
7f1d23002000-7f1d23003000 rw-p 0001d000 08:15 394244                     /home/joaodss/.jdks/openjdk-16.0.1/lib/libjimage.so
7f1d23003000-7f1d23006000 r--p 00000000 08:13 3154828                    /usr/lib/x86_64-linux-gnu/librt-2.31.so
7f1d23006000-7f1d2300a000 r-xp 00003000 08:13 3154828                    /usr/lib/x86_64-linux-gnu/librt-2.31.so
7f1d2300a000-7f1d2300b000 r--p 00007000 08:13 3154828                    /usr/lib/x86_64-linux-gnu/librt-2.31.so
7f1d2300b000-7f1d2300c000 ---p 00008000 08:13 3154828                    /usr/lib/x86_64-linux-gnu/librt-2.31.so
7f1d2300c000-7f1d2300d000 r--p 00008000 08:13 3154828                    /usr/lib/x86_64-linux-gnu/librt-2.31.so
7f1d2300d000-7f1d2300e000 rw-p 00009000 08:13 3154828                    /usr/lib/x86_64-linux-gnu/librt-2.31.so
7f1d2300e000-7f1d23012000 ---p 00000000 00:00 0 
7f1d23012000-7f1d2310f000 rw-p 00000000 00:00 0 
7f1d2310f000-7f1d2311e000 r--p 00000000 08:13 3154505                    /usr/lib/x86_64-linux-gnu/libm-2.31.so
7f1d2311e000-7f1d231c5000 r-xp 0000f000 08:13 3154505                    /usr/lib/x86_64-linux-gnu/libm-2.31.so
7f1d231c5000-7f1d2325c000 r--p 000b6000 08:13 3154505                    /usr/lib/x86_64-linux-gnu/libm-2.31.so
7f1d2325c000-7f1d2325d000 r--p 0014c000 08:13 3154505                    /usr/lib/x86_64-linux-gnu/libm-2.31.so
7f1d2325d000-7f1d2325e000 rw-p 0014d000 08:13 3154505                    /usr/lib/x86_64-linux-gnu/libm-2.31.so
7f1d2325e000-7f1d2436c000 r-xp 00000000 08:15 394271                     /home/joaodss/.jdks/openjdk-16.0.1/lib/server/libjvm.so
7f1d2436c000-7f1d2436d000 ---p 0110e000 08:15 394271                     /home/joaodss/.jdks/openjdk-16.0.1/lib/server/libjvm.so
7f1d2436d000-7f1d2441e000 r--p 0110e000 08:15 394271                     /home/joaodss/.jdks/openjdk-16.0.1/lib/server/libjvm.so
7f1d2441e000-7f1d24451000 rw-p 011bf000 08:15 394271                     /home/joaodss/.jdks/openjdk-16.0.1/lib/server/libjvm.so
7f1d24451000-7f1d244ae000 rw-p 00000000 00:00 0 
7f1d244ae000-7f1d244d3000 r--p 00000000 08:13 3153865                    /usr/lib/x86_64-linux-gnu/libc-2.31.so
7f1d244d3000-7f1d2464b000 r-xp 00025000 08:13 3153865                    /usr/lib/x86_64-linux-gnu/libc-2.31.so
7f1d2464b000-7f1d24695000 r--p 0019d000 08:13 3153865                    /usr/lib/x86_64-linux-gnu/libc-2.31.so
7f1d24695000-7f1d24696000 ---p 001e7000 08:13 3153865                    /usr/lib/x86_64-linux-gnu/libc-2.31.so
7f1d24696000-7f1d24699000 r--p 001e7000 08:13 3153865                    /usr/lib/x86_64-linux-gnu/libc-2.31.so
7f1d24699000-7f1d2469c000 rw-p 001ea000 08:13 3153865                    /usr/lib/x86_64-linux-gnu/libc-2.31.so
7f1d2469c000-7f1d246a0000 rw-p 00000000 00:00 0 
7f1d246a0000-7f1d246a1000 r--p 00000000 08:13 3154000                    /usr/lib/x86_64-linux-gnu/libdl-2.31.so
7f1d246a1000-7f1d246a3000 r-xp 00001000 08:13 3154000                    /usr/lib/x86_64-linux-gnu/libdl-2.31.so
7f1d246a3000-7f1d246a4000 r--p 00003000 08:13 3154000                    /usr/lib/x86_64-linux-gnu/libdl-2.31.so
7f1d246a4000-7f1d246a5000 r--p 00003000 08:13 3154000                    /usr/lib/x86_64-linux-gnu/libdl-2.31.so
7f1d246a5000-7f1d246a6000 rw-p 00004000 08:13 3154000                    /usr/lib/x86_64-linux-gnu/libdl-2.31.so
7f1d246a6000-7f1d246ad000 r--p 00000000 08:13 3154767                    /usr/lib/x86_64-linux-gnu/libpthread-2.31.so
7f1d246ad000-7f1d246be000 r-xp 00007000 08:13 3154767                    /usr/lib/x86_64-linux-gnu/libpthread-2.31.so
7f1d246be000-7f1d246c3000 r--p 00018000 08:13 3154767                    /usr/lib/x86_64-linux-gnu/libpthread-2.31.so
7f1d246c3000-7f1d246c4000 r--p 0001c000 08:13 3154767                    /usr/lib/x86_64-linux-gnu/libpthread-2.31.so
7f1d246c4000-7f1d246c5000 rw-p 0001d000 08:13 3154767                    /usr/lib/x86_64-linux-gnu/libpthread-2.31.so
7f1d246c5000-7f1d246c9000 rw-p 00000000 00:00 0 
7f1d246c9000-7f1d246d8000 r-xp 00000000 08:15 394245                     /home/joaodss/.jdks/openjdk-16.0.1/lib/libjli.so
7f1d246d8000-7f1d246d9000 r--p 0000e000 08:15 394245                     /home/joaodss/.jdks/openjdk-16.0.1/lib/libjli.so
7f1d246d9000-7f1d246da000 rw-p 0000f000 08:15 394245                     /home/joaodss/.jdks/openjdk-16.0.1/lib/libjli.so
7f1d246da000-7f1d246dc000 r--p 00000000 08:13 3155181                    /usr/lib/x86_64-linux-gnu/libz.so.1.2.11
7f1d246dc000-7f1d246ed000 r-xp 00002000 08:13 3155181                    /usr/lib/x86_64-linux-gnu/libz.so.1.2.11
7f1d246ed000-7f1d246f3000 r--p 00013000 08:13 3155181                    /usr/lib/x86_64-linux-gnu/libz.so.1.2.11
7f1d246f3000-7f1d246f4000 ---p 00019000 08:13 3155181                    /usr/lib/x86_64-linux-gnu/libz.so.1.2.11
7f1d246f4000-7f1d246f5000 r--p 00019000 08:13 3155181                    /usr/lib/x86_64-linux-gnu/libz.so.1.2.11
7f1d246f5000-7f1d246f6000 rw-p 0001a000 08:13 3155181                    /usr/lib/x86_64-linux-gnu/libz.so.1.2.11
7f1d246f6000-7f1d246f8000 rw-p 00000000 00:00 0 
7f1d246fa000-7f1d246fc000 r-xp 00000000 08:15 394232                     /home/joaodss/.jdks/openjdk-16.0.1/lib/libextnet.so
7f1d246fc000-7f1d246fd000 r--p 00001000 08:15 394232                     /home/joaodss/.jdks/openjdk-16.0.1/lib/libextnet.so
7f1d246fd000-7f1d246fe000 rw-p 00002000 08:15 394232                     /home/joaodss/.jdks/openjdk-16.0.1/lib/libextnet.so
7f1d246fe000-7f1d24706000 rw-s 00000000 08:13 3014732                    /tmp/hsperfdata_joaodss/528746
7f1d24706000-7f1d24710000 r-xp 00000000 08:15 394235                     /home/joaodss/.jdks/openjdk-16.0.1/lib/libinstrument.so
7f1d24710000-7f1d24711000 r--p 00009000 08:15 394235                     /home/joaodss/.jdks/openjdk-16.0.1/lib/libinstrument.so
7f1d24711000-7f1d24712000 rw-p 0000a000 08:15 394235                     /home/joaodss/.jdks/openjdk-16.0.1/lib/libinstrument.so
7f1d24712000-7f1d24713000 ---p 00000000 00:00 0 
7f1d24713000-7f1d24714000 r--p 00000000 00:00 0 
7f1d24714000-7f1d24715000 r--p 00000000 08:13 3153651                    /usr/lib/x86_64-linux-gnu/ld-2.31.so
7f1d24715000-7f1d24738000 r-xp 00001000 08:13 3153651                    /usr/lib/x86_64-linux-gnu/ld-2.31.so
7f1d24738000-7f1d24740000 r--p 00024000 08:13 3153651                    /usr/lib/x86_64-linux-gnu/ld-2.31.so
7f1d24740000-7f1d24741000 ---p 00000000 00:00 0 
7f1d24741000-7f1d24742000 r--p 0002c000 08:13 3153651                    /usr/lib/x86_64-linux-gnu/ld-2.31.so
7f1d24742000-7f1d24743000 rw-p 0002d000 08:13 3153651                    /usr/lib/x86_64-linux-gnu/ld-2.31.so
7f1d24743000-7f1d24744000 rw-p 00000000 00:00 0 
7ffe9e495000-7ffe9e4b8000 rw-p 00000000 00:00 0                          [stack]
7ffe9e5e0000-7ffe9e5e4000 r--p 00000000 00:00 0                          [vvar]
7ffe9e5e4000-7ffe9e5e6000 r-xp 00000000 00:00 0                          [vdso]
ffffffffff600000-ffffffffff601000 --xp 00000000 00:00 0                  [vsyscall]


VM Arguments:
jvm_args: -ea -Didea.test.cyclic.buffer.size=1048576 -javaagent:/home/joaodss/.local/share/JetBrains/Toolbox/apps/IDEA-C/ch-0/211.7628.21/lib/idea_rt.jar=42607:/home/joaodss/.local/share/JetBrains/Toolbox/apps/IDEA-C/ch-0/211.7628.21/bin -Dfile.encoding=UTF-8 
java_command: com.intellij.rt.junit.JUnitStarter -ideVersion5 -junit5 com.ironhack.homework3.repository.SalesRepRepositoryTest
java_class_path (initial): /home/joaodss/.local/share/JetBrains/Toolbox/apps/IDEA-C/ch-0/211.7628.21/lib/idea_rt.jar:/home/joaodss/.m2/repository/org/junit/platform/junit-platform-launcher/1.7.2/junit-platform-launcher-1.7.2.jar:/home/joaodss/.local/share/JetBrains/Toolbox/apps/IDEA-C/ch-0/211.7628.21/plugins/junit/lib/junit5-rt.jar:/home/joaodss/.local/share/JetBrains/Toolbox/apps/IDEA-C/ch-0/211.7628.21/plugins/junit/lib/junit-rt.jar:/home/joaodss/OneDrive/IH DIGITAL RESKILLING/HOMEWORK/Homework-3/Ben_The_Warrior-DataLayer-homework-3/target/test-classes:/home/joaodss/OneDrive/IH DIGITAL RESKILLING/HOMEWORK/Homework-3/Ben_The_Warrior-DataLayer-homework-3/target/classes:/home/joaodss/.m2/repository/org/springframework/boot/spring-boot-starter-data-jdbc/2.5.4/spring-boot-starter-data-jdbc-2.5.4.jar:/home/joaodss/.m2/repository/org/springframework/boot/spring-boot-starter-jdbc/2.5.4/spring-boot-starter-jdbc-2.5.4.jar:/home/joaodss/.m2/repository/com/zaxxer/HikariCP/4.0.3/HikariCP-4.0.3.jar:/home/joaodss/.m2/repository/org/springframework/spring-jdbc/5.3.9/spring-jdbc-5.3.9.jar:/home/joaodss/.m2/repository/org/springframework/data/spring-data-jdbc/2.2.4/spring-data-jdbc-2.2.4.jar:/home/joaodss/.m2/repository/org/springframework/data/spring-data-relational/2.2.4/spring-data-relational-2.2.4.jar:/home/joaodss/.m2/repository/org/springframework/data/spring-data-commons/2.5.4/spring-data-commons-2.5.4.jar:/home/joaodss/.m2/repository/org/springframework/spring-tx/5.3.9/spring-tx-5.3.9.jar:/home/joaodss/.m2/repository/org/springframework/spring-context/5.3.9/spring-context-5.3.9.jar:/home/joaodss/.m2/repository/org/springframework/spring-expression/5.3.9/spring-expression-5.3.9.jar:/home/joaodss/.m2/repository/org/springframework/spring-beans/5.3.9/spring-beans-5.3.9.jar:/home/joaodss/.m2/repository/org/slf4j/slf4j-api/1.7.32/slf4j-api-1.7.32.jar:/home/joaodss/.m2/repository/org/springframework/boot/spring-boot-starter-data-jpa/2.5.4/spring-boot-starter-data-jpa-2.5.4.jar
Launcher Type: SUN_STANDARD

[Global flags]
     intx CICompilerCount                          = 12                                        {product} {ergonomic}
     uint ConcGCThreads                            = 3                                         {product} {ergonomic}
     uint G1ConcRefinementThreads                  = 13                                        {product} {ergonomic}
   size_t G1HeapRegionSize                         = 2097152                                   {product} {ergonomic}
    uintx GCDrainStackTargetSize                   = 64                                        {product} {ergonomic}
   size_t InitialHeapSize                          = 262144000                                 {product} {ergonomic}
   size_t MarkStackSize                            = 4194304                                   {product} {ergonomic}
   size_t MaxHeapSize                              = 4194304000                                {product} {ergonomic}
   size_t MaxNewSize                               = 2516582400                                {product} {ergonomic}
   size_t MinHeapDeltaBytes                        = 2097152                                   {product} {ergonomic}
   size_t MinHeapSize                              = 8388608                                   {product} {ergonomic}
    uintx NonNMethodCodeHeapSize                   = 7602480                                {pd product} {ergonomic}
    uintx NonProfiledCodeHeapSize                  = 122027880                              {pd product} {ergonomic}
    uintx ProfiledCodeHeapSize                     = 122027880                              {pd product} {ergonomic}
    uintx ReservedCodeCacheSize                    = 251658240                              {pd product} {ergonomic}
     bool SegmentedCodeCache                       = true                                      {product} {ergonomic}
   size_t SoftMaxHeapSize                          = 4194304000                             {manageable} {ergonomic}
     bool UseCompressedClassPointers               = true                           {product lp64_product} {ergonomic}
     bool UseCompressedOops                        = true                           {product lp64_product} {ergonomic}
     bool UseG1GC                                  = true                                      {product} {ergonomic}

Logging:
Log output configuration:
 #0: stdout all=warning uptime,level,tags
 #1: stderr all=off uptime,level,tags

Environment Variables:
JAVA_HOME=/usr/lib/jvm/java-11-oracle
PATH=/home/joaodss/.cargo/bin:/usr/local/sbin:/usr/local/bin:/usr/sbin:/usr/bin:/sbin:/bin:/usr/games:/usr/local/games:/snap/bin:/usr/lib/jvm/java-11-oracle/bin:/usr/lib/jvm/java-11-oracle/db/bin
USERNAME=joaodss
SHELL=/usr/bin/zsh
DISPLAY=:0
LANG=en_US.UTF-8
LC_CTYPE=pt_PT.UTF-8

Signal Handlers:
SIGSEGV: [libjvm.so+0xdfef20], sa_mask[0]=11100100010111111101111111111110, sa_flags=SA_RESTART|SA_SIGINFO
SIGBUS: [libjvm.so+0xdfef20], sa_mask[0]=11100100010111111101111111111110, sa_flags=SA_RESTART|SA_SIGINFO
SIGFPE: [libjvm.so+0xdfef20], sa_mask[0]=11100100010111111101111111111110, sa_flags=SA_RESTART|SA_SIGINFO
SIGPIPE: [libjvm.so+0xca8980], sa_mask[0]=11100100010111111101111111111110, sa_flags=SA_RESTART|SA_SIGINFO
SIGXFSZ: [libjvm.so+0xca8980], sa_mask[0]=11100100010111111101111111111110, sa_flags=SA_RESTART|SA_SIGINFO
SIGILL: [libjvm.so+0xdfef20], sa_mask[0]=11100100010111111101111111111110, sa_flags=SA_RESTART|SA_SIGINFO
SIGUSR2: [libjvm.so+0xca8070], sa_mask[0]=00100000000000000000000000000000, sa_flags=SA_RESTART|SA_SIGINFO
SIGHUP: [libjvm.so+0xca7fa0], sa_mask[0]=11100100010111111101111111111110, sa_flags=SA_RESTART|SA_SIGINFO
SIGINT: [libjvm.so+0xca7fa0], sa_mask[0]=11100100010111111101111111111110, sa_flags=SA_RESTART|SA_SIGINFO
SIGTERM: [libjvm.so+0xca7fa0], sa_mask[0]=11100100010111111101111111111110, sa_flags=SA_RESTART|SA_SIGINFO
SIGQUIT: [libjvm.so+0xca7fa0], sa_mask[0]=11100100010111111101111111111110, sa_flags=SA_RESTART|SA_SIGINFO
SIGTRAP: [libjvm.so+0xdfef20], sa_mask[0]=11100100010111111101111111111110, sa_flags=SA_RESTART|SA_SIGINFO


---------------  S Y S T E M  ---------------

OS:
DISTRIB_ID=Ubuntu
DISTRIB_RELEASE=20.04
DISTRIB_CODENAME=focal
DISTRIB_DESCRIPTION="Ubuntu 20.04.3 LTS"
uname: Linux 5.11.0-27-generic #29~20.04.1-Ubuntu SMP Wed Aug 11 15:58:17 UTC 2021 x86_64
OS uptime: 0 days 3:29 hours
libc: glibc 2.31 NPTL 2.31 
rlimit (soft/hard): STACK 8192k/infinity , CORE 0k/infinity , NPROC 63492/63492 , NOFILE 1048576/1048576 , AS infinity/infinity , CPU infinity/infinity , DATA infinity/infinity , FSIZE infinity/infinity , MEMLOCK 65536k/65536k
load average: 1,11 0,58 0,56

/proc/meminfo:
MemTotal:       16379328 kB
MemFree:         4446236 kB
MemAvailable:    8667600 kB
Buffers:          465132 kB
Cached:          4343440 kB
SwapCached:            0 kB
Active:          1554844 kB
Inactive:        9695340 kB
Active(anon):       5284 kB
Inactive(anon):  6888148 kB
Active(file):    1549560 kB
Inactive(file):  2807192 kB
Unevictable:         120 kB
Mlocked:             120 kB
SwapTotal:      15625212 kB
SwapFree:       15625212 kB
Dirty:              3504 kB
Writeback:             0 kB
AnonPages:       6442036 kB
Mapped:          1686052 kB
Shmem:            453628 kB
KReclaimable:     201592 kB
Slab:             371172 kB
SReclaimable:     201592 kB
SUnreclaim:       169580 kB
KernelStack:       24864 kB
PageTables:        64344 kB
NFS_Unstable:          0 kB
Bounce:                0 kB
WritebackTmp:          0 kB
CommitLimit:    23814876 kB
Committed_AS:   18032600 kB
VmallocTotal:   34359738367 kB
VmallocUsed:       96736 kB
VmallocChunk:          0 kB
Percpu:            27776 kB
HardwareCorrupted:     0 kB
AnonHugePages:         0 kB
ShmemHugePages:        0 kB
ShmemPmdMapped:        0 kB
FileHugePages:         0 kB
FilePmdMapped:         0 kB
HugePages_Total:       0
HugePages_Free:        0
HugePages_Rsvd:        0
HugePages_Surp:        0
Hugepagesize:       2048 kB
Hugetlb:               0 kB
DirectMap4k:      542824 kB
DirectMap2M:    14061568 kB
DirectMap1G:     2097152 kB

/sys/kernel/mm/transparent_hugepage/enabled: always [madvise] never
/sys/kernel/mm/transparent_hugepage/defrag (defrag/compaction efforts parameter): always defer defer+madvise [madvise] never

Process Memory:
Virtual Size: 9025872K (peak: 9025872K)
Resident Set Size: 436384K (peak: 436384K) (anon: 407368K, file: 29016K, shmem: 0K)
Swapped out: 0K
C-Heap outstanding allocations: 151116K

/proc/sys/kernel/threads-max (system-wide limit on the number of threads): 126985
/proc/sys/vm/max_map_count (maximum number of memory map areas a process may have): 65530
/proc/sys/kernel/pid_max (system-wide limit on number of process identifiers): 4194304

container (cgroup) information:
container_type: cgroupv1
cpu_cpuset_cpus: 0-15
cpu_memory_nodes: 0
active_processor_count: 16
cpu_quota: no quota
cpu_period: 100000
cpu_shares: no shares
memory_limit_in_bytes: unlimited
memory_and_swap_limit_in_bytes: unlimited
memory_soft_limit_in_bytes: unlimited
memory_usage_in_bytes: 9407610880
memory_max_usage_in_bytes: 9407610880

Steal ticks since vm start: 0
Steal ticks percentage since vm start:  0,000

CPU: total 16 (initial active 16) (16 cores per cpu, 2 threads per core) family 23 model 113 stepping 0 microcode 0x8701021, cx8, cmov, fxsr, ht, mmx, 3dnowpref, sse, sse2, sse3, ssse3, sse4a, sse4.1, sse4.2, popcnt, lzcnt, tsc, tscinvbit, avx, avx2, aes, clmul, bmi1, bmi2, adx, sha, fma, vzeroupper, clflush, clflushopt
CPU Model and flags from /proc/cpuinfo:
model name	: AMD Ryzen 7 3700X 8-Core Processor
flags		: fpu vme de pse tsc msr pae mce cx8 apic sep mtrr pge mca cmov pat pse36 clflush mmx fxsr sse sse2 ht syscall nx mmxext fxsr_opt pdpe1gb rdtscp lm constant_tsc rep_good nopl nonstop_tsc cpuid extd_apicid aperfmperf pni pclmulqdq monitor ssse3 fma cx16 sse4_1 sse4_2 movbe popcnt aes xsave avx f16c rdrand lahf_lm cmp_legacy svm extapic cr8_legacy abm sse4a misalignsse 3dnowprefetch osvw ibs skinit wdt tce topoext perfctr_core perfctr_nb bpext perfctr_llc mwaitx cpb cat_l3 cdp_l3 hw_pstate sme ssbd mba sev ibpb stibp vmmcall sev_es fsgsbase bmi1 avx2 smep bmi2 cqm rdt_a rdseed adx smap clflushopt clwb sha_ni xsaveopt xsavec xgetbv1 xsaves cqm_llc cqm_occup_llc cqm_mbm_total cqm_mbm_local clzero irperf xsaveerptr rdpru wbnoinvd arat npt lbrv svm_lock nrip_save tsc_scale vmcb_clean flushbyasid decodeassists pausefilter pfthreshold avic v_vmsave_vmload vgif umip rdpid overflow_recov succor smca

Online cpus: 0-15
Offline cpus: 16-31
BIOS frequency limitation: 3600000
Frequency switch latency (ns): 0
Available cpu frequencies: 3600000 2800000 2200000 
Current governor: ondemand
Core performance/turbo boost: 1

Memory: 4k page, physical 16379328k(4445984k free), swap 15625212k(15625212k free)

vm_info: OpenJDK 64-Bit Server VM (16.0.1+9-24) for linux-amd64 JRE (16.0.1+9-24), built on Mar 26 2021 18:09:28 by "mach5one" with gcc 10.2.0

END.
